#
# There is insufficient memory for the Java Runtime Environment to continue.
# Native memory allocation (malloc) failed to allocate 32744 bytes. Error detail: Chunk::new
# Possible reasons:
#   The system is out of physical RAM or swap space
#   This process is running with CompressedOops enabled, and the Java Heap may be blocking the growth of the native heap
# Possible solutions:
#   Reduce memory load on the system
#   Increase physical memory or swap space
#   Check if swap backing store is full
#   Decrease Java heap size (-Xmx/-Xms)
#   Decrease number of Java threads
#   Decrease Java thread stack sizes (-Xss)
#   Set larger code cache with -XX:ReservedCodeCacheSize=
#   JVM is running with Unscaled Compressed Oops mode in which the Java heap is
#     placed in the first 4GB address space. The Java Heap base address is the
#     maximum limit for the native heap growth. Please use -XX:HeapBaseMinAddress
#     to set the Java Heap base and to place the Java Heap above 4GB virtual address.
# This output file may be truncated or incomplete.
#
#  Out of Memory Error (arena.cpp:168), pid=3136, tid=8180
#
# JRE version: OpenJDK Runtime Environment Temurin-21.0.7+6 (21.0.7+6) (build 21.0.7+6-LTS)
# Java VM: OpenJDK 64-Bit Server VM Temurin-21.0.7+6 (21.0.7+6-LTS, mixed mode, sharing, tiered, compressed oops, compressed class ptrs, parallel gc, windows-amd64)
# No core dump will be written. Minidumps are not enabled by default on client versions of Windows
#

---------------  S U M M A R Y ------------

Command Line: --add-modules=ALL-SYSTEM --add-opens=java.base/java.util=ALL-UNNAMED --add-opens=java.base/java.lang=ALL-UNNAMED --add-opens=java.base/sun.nio.fs=ALL-UNNAMED -Declipse.application=org.eclipse.jdt.ls.core.id1 -Dosgi.bundles.defaultStartLevel=4 -Declipse.product=org.eclipse.jdt.ls.core.product -Djava.import.generatesMetadataFilesAtProjectRoot=false -DDetectVMInstallationsJob.disabled=true -Dfile.encoding=utf8 -XX:+UseParallelGC -XX:GCTimeRatio=4 -XX:AdaptiveSizePolicyWeight=90 -Dsun.zip.disableMemoryMapping=true -Xmx2G -Xms100m -Xlog:disable -javaagent:c:\Users\hp\.vscode\extensions\redhat.java-1.43.1-win32-x64\lombok\lombok-1.18.39-4050.jar c:\Users\hp\.vscode\extensions\redhat.java-1.43.1-win32-x64\server\plugins\org.eclipse.equinox.launcher_1.7.0.v20250519-0528.jar -configuration c:\Users\hp\AppData\Roaming\Code\User\globalStorage\redhat.java\1.43.1\config_ss_win -data c:\Users\hp\AppData\Roaming\Code\User\workspaceStorage\fec63824a433b6cc7d2aa81abfbd1eaf\redhat.java\ss_ws --pipe=\\.\pipe\lsp-c1abd24ba136490769aed51564933ab3-sock

Host: Intel(R) Core(TM) i5-1035G1 CPU @ 1.00GHz, 8 cores, 7G,  Windows 11 , 64 bit Build 22621 (10.0.22621.5415)
Time: Thu Jul 10 16:57:15 2025 Paris, Madrid (heure duild 22621 (10.0.22621.5415) elapsed time: 7.112369 seconds (0d 0h 0m 7s)

---------------  T H R E A D  ---------------

Current thread (0x000001cdf902f410):  JavaThread "C2 CompilerThread0" daemon [_thread_in_native, id=8180, stack(0x000000cc22100000,0x000000cc22200000) (1024K)]


Current CompileTask:
C2:7112 1706       4       java.io.WinNTFileSystem::normalize (143 bytes)

Stack: [0x000000cc22100000,0x000000cc22200000]
Native frames: (J=compiled Java code, j=interpreted, Vv=VM code, C=native code)
V  [jvm.dll+0x6ce119]
V  [jvm.dll+0x8a84a1]
V  [jvm.dll+0x8aa9ce]
V  [jvm.dll+0x8ab0b3]
V  [jvm.dll+0x27f8a6]
V  [jvm.dll+0xc507d]
V  [jvm.dll+0xc55b3]
V  [jvm.dll+0x6e4b6f]
V  [jvm.dll+0x6e853b]
V  [jvm.dll+0x6e0553]
V  [jvm.dll+0x6dfc6e]
V  [jvm.dll+0x6ddd5c]
V  [jvm.dll+0x1ca64c]
V  [jvm.dll+0x2f1e7c]
V  [jvm.dll+0x6e8562]
V  [jvm.dll+0x6e0553]
V  [jvm.dll+0x6dfc6e]
V  [jvm.dll+0x6ddd5c]
V  [jvm.dll+0x1ca64c]
V  [jvm.dll+0x1cb1cc]
V  [jvm.dll+0x1c8dcc]
V  [jvm.dll+0x25014e]
V  [jvm.dll+0x246d73]
V  [jvm.dll+0x1c760e]
V  [jvm.dll+0x25695a]
V  [jvm.dll+0x254efa]
V  [jvm.dll+0x3f03f6]
V  [jvm.dll+0x851f6b]
V  [jvm.dll+0x6cc7dd]
C  [ucrtbase.dll+0x29333]
C  [KERNEL32.DLL+0x1259d]
C  [ntdll.dll+0x5af78]


---------------  P R O C E S S  ---------------

Threads class SMR info:
_java_thread_list=0x000001cdff71f470, length=12, elements={
0x000001cde25bfb30, 0x000001cdf9020540, 0x000001cdf90223b0, 0x000001cdf90243c0,
0x000001cdf9028570, 0x000001cdf902d9b0, 0x000001cdf902e4f0, 0x000001cdf902f410,
0x000001cdfa9028c0, 0x000001cde262c220, 0x000001cdfabc4580, 0x000001cdff344df0
}

Java Threads: ( => current thread )
  0x000001cde25bfb30 JavaThread "main"                              [_thread_in_native, id=12700, stack(0x000000cc21700000,0x000000cc21800000) (1024K)]
  0x000001cdf9020540 JavaThread "Reference Handler"          daemon [_thread_blocked, id=16800, stack(0x000000cc21b00000,0x000000cc21c00000) (1024K)]
  0x000001cdf90223b0 JavaThread "Finalizer"                  daemon [_thread_blocked, id=17112, stack(0x000000cc21c00000,0x000000cc21d00000) (1024K)]
  0x000001cdf90243c0 JavaThread "Signal Dispatcher"          daemon [_thread_blocked, id=7312, stack(0x000000cc21d00000,0x000000cc21e00000) (1024K)]
  0x000001cdf9028570 JavaThread "Attach Listener"            daemon [_thread_blocked, id=11668, stack(0x000000cc21e00000,0x000000cc21f00000) (1024K)]
  0x000001cdf902d9b0 JavaThread "Service Thread"             daemon [_thread_blocked, id=13552, stack(0x000000cc21f00000,0x000000cc22000000) (1024K)]
  0x000001cdf902e4f0 JavaThread "Monitor Deflation Thread"   daemon [_thread_blocked, id=7660, stack(0x000000cc22000000,0x000000cc22100000) (1024K)]
=>0x000001cdf902f410 JavaThread "C2 CompilerThread0"         daemon [_thread_in_native, id=8180, stack(0x000000cc22100000,0x000000cc22200000) (1024K)]
  0x000001cdfa9028c0 JavaThread "C1 CompilerThread0"         daemon [_thread_blocked, id=1916, stack(0x000000cc22200000,0x000000cc22300000) (1024K)]
  0x000001cde262c220 JavaThread "Common-Cleaner"             daemon [_thread_blocked, id=6744, stack(0x000000cc22300000,0x000000cc22400000) (1024K)]
  0x000001cdfabc4580 JavaThread "Notification Thread"        daemon [_thread_blocked, id=14840, stack(0x000000cc22400000,0x000000cc22500000) (1024K)]
  0x000001cdff344df0 JavaThread "Active Thread: Equinox Container: 8afe3cba-64eb-4a58-bd86-11431fa394ce"        [_thread_blocked, id=6904, stack(0x000000cc22b00000,0x000000cc22c00000) (1024K)]
Total: 12

Other Threads:
  0x000001cdf9003c70 VMThread "VM Thread"                           [id=4692, stack(0x000000cc21a00000,0x000000cc21b00000) (1024K)]
  0x000001cdf8f3c950 WatcherThread "VM Periodic Task Thread"        [id=6396, stack(0x000000cc21900000,0x000000cc21a00000) (1024K)]
  0x000001cde25df480 WorkerThread "GC Thread#0"                     [id=1612, stack(0x000000cc21800000,0x000000cc21900000) (1024K)]
  0x000001cdfac99010 WorkerThread "GC Thread#1"                     [id=13836, stack(0x000000cc22500000,0x000000cc22600000) (1024K)]
  0x000001cdff3eb9e0 WorkerThread "GC Thread#2"                     [id=9048, stack(0x000000cc22600000,0x000000cc22700000) (1024K)]
  0x000001cdff3ebd80 WorkerThread "GC Thread#3"                     [id=16932, stack(0x000000cc22700000,0x000000cc22800000) (1024K)]
  0x000001cdff30c2f0 WorkerThread "GC Thread#4"                     [id=15568, stack(0x000000cc22800000,0x000000cc22900000) (1024K)]
  0x000001cdff30c690 WorkerThread "GC Thread#5"                     [id=6800, stack(0x000000cc22900000,0x000000cc22a00000) (1024K)]
  0x000001cdff30ca30 WorkerThread "GC Thread#6"                     [id=1980, stack(0x000000cc22a00000,0x000000cc22b00000) (1024K)]
Total: 9

Threads with active compile tasks:
C2 CompilerThread0  7166 1706       4       java.io.WinNTFileSystem::normalize (143 bytes)
Total: 1

VM state: not at safepoint (normal execution)

VM Mutex/Monitor currently owned by a thread: None

Heap address: 0x0000000080000000, size: 2048 MB, Compressed Oops mode: 32-bit

CDS archive(s) mapped at: [0x000001cd80000000-0x000001cd80ba0000-0x000001cd80ba0000), size 12189696, SharedBaseAddress: 0x000001cd80000000, ArchiveRelocationMode: 1.
Compressed class space mapped at: 0x000001cd81000000-0x000001cdc1000000, reserved size: 1073741824
Narrow klass base: 0x000001cd80000000, Narrow klass shift: 0, Narrow klass range: 0x100000000

GC Precious Log:
 CardTable entry size: 512
 CPUs: 8 total, 8 available
 Memory: 7879M
 Large Page Support: Disabled
 NUMA Support: Disabled
 Compressed Oops: Enabled (32-bit)
 Alignments: Space 512K, Generation 512K, Heap 2M
 Heap Min Capacity: 100M
 Heap Initial Capacity: 100M
 Heap Max Capacity: 2G
 Pre-touch: Disabled
 Parallel Workers: 8

Heap:
 PSYoungGen      total 29696K, used 26828K [0x00000000d5580000, 0x00000000d7680000, 0x0000000100000000)
  eden space 25600K, 91% used [0x00000000d5580000,0x00000000d6c774a0,0x00000000d6e80000)
  from space 4096K, 80% used [0x00000000d6e80000,0x00000000d71bbf18,0x00000000d7280000)
  to   space 4096K, 0% used [0x00000000d7280000,0x00000000d7280000,0x00000000d7680000)
 ParOldGen       total 68608K, used 0K [0x0000000080000000, 0x0000000084300000, 0x00000000d5580000)
  object space 68608K, 0% used [0x0000000080000000,0x0000000080000000,0x0000000084300000)
 Metaspace       used 7900K, committed 8192K, reserved 1114112K
  class space    used 806K, committed 960K, reserved 1048576K

Card table byte_map: [0x000001cde1f60000,0x000001cde2370000] _byte_map_base: 0x000001cde1b60000

Marking Bits: (ParMarkBitMap*) 0x00007fff0ad431f0
 Begin Bits: [0x000001cdf4a60000, 0x000001cdf6a60000)
 End Bits:   [0x000001cdf6a60000, 0x000001cdf8a60000)

Polling page: 0x000001cde0440000

Metaspace:

Usage:
  Non-class:      6.93 MB used.
      Class:    806.80 KB used.
       Both:      7.72 MB used.

Virtual space:
  Non-class space:       64.00 MB reserved,       7.06 MB ( 11%) committed,  1 nodes.
      Class space:        1.00 GB reserved,     960.00 KB ( <1%) committed,  1 nodes.
             Both:        1.06 GB reserved,       8.00 MB ( <1%) committed. 

Chunk freelists:
   Non-Class:  8.81 MB
       Class:  14.92 MB
        Both:  23.73 MB

MaxMetaspaceSize: unlimited
CompressedClassSpaceSize: 1.00 GB
Initial GC threshold: 21.00 MB
Current GC threshold: 21.00 MB
CDS: on
 - commit_granule_bytes: 65536.
 - commit_granule_words: 8192.
 - virtual_space_node_default_size: 8388608.
 - enlarge_chunks_in_place: 1.
 - use_allocation_guard: 0.


Internal statistics:

num_allocs_failed_limit: 0.
num_arena_births: 228.
num_arena_deaths: 0.
num_vsnodes_births: 2.
num_vsnodes_deaths: 0.
num_space_committed: 128.
num_space_uncommitted: 0.
num_chunks_returned_to_freelist: 0.
num_chunks_taken_from_freelist: 413.
num_chunk_merges: 0.
num_chunk_splits: 266.
num_chunks_enlarged: 182.
num_inconsistent_stats: 0.

CodeHeap 'non-profiled nmethods': size=120000Kb used=671Kb max_used=671Kb free=119329Kb
 bounds [0x000001cded280000, 0x000001cded4f0000, 0x000001cdf47b0000]
CodeHeap 'profiled nmethods': size=120000Kb used=3108Kb max_used=3108Kb free=116891Kb
 bounds [0x000001cde57b0000, 0x000001cde5ac0000, 0x000001cdecce0000]
CodeHeap 'non-nmethods': size=5760Kb used=1229Kb max_used=1249Kb free=4530Kb
 bounds [0x000001cdecce0000, 0x000001cdecf50000, 0x000001cded280000]
 total_blobs=2184 nmethods=1702 adapters=389
 compilation: enabled
              stopped_count=0, restarted_count=0
 full_count=0

Compilation events (20 events):
Event: 6.172 Thread 0x000001cdfa9028c0 nmethod 1696 0x000001cde5ab4c90 code [0x000001cde5ab4ec0, 0x000001cde5ab55c8]
Event: 6.172 Thread 0x000001cdfa9028c0 1697       3       java.lang.StringLatin1::getChars (12 bytes)
Event: 6.173 Thread 0x000001cdfa9028c0 nmethod 1697 0x000001cde5ab5910 code [0x000001cde5ab5ac0, 0x000001cde5ab5be8]
Event: 6.233 Thread 0x000001cdfa9028c0 1698       3       java.lang.ThreadLocal::get (35 bytes)
Event: 6.235 Thread 0x000001cdfa9028c0 nmethod 1698 0x000001cde5ab5c90 code [0x000001cde5ab5e60, 0x000001cde5ab6168]
Event: 6.237 Thread 0x000001cdfa9028c0 1699       3       sun.nio.fs.WindowsPathParser::nextNonSlash (24 bytes)
Event: 6.238 Thread 0x000001cdfa9028c0 nmethod 1699 0x000001cde5ab6310 code [0x000001cde5ab6520, 0x000001cde5ab6c28]
Event: 6.297 Thread 0x000001cdf902f410 1700       4       java.lang.AbstractStringBuilder::<init> (39 bytes)
Event: 6.299 Thread 0x000001cdf902f410 nmethod 1700 0x000001cded327190 code [0x000001cded327320, 0x000001cded3274f0]
Event: 6.299 Thread 0x000001cdf902f410 1701       4       jdk.internal.util.Preconditions::checkFromToIndex (24 bytes)
Event: 6.301 Thread 0x000001cdf902f410 nmethod 1701 0x000001cded327590 code [0x000001cded327720, 0x000001cded327808]
Event: 6.341 Thread 0x000001cdfa9028c0 1702       3       java.lang.AbstractStringBuilder::append (67 bytes)
Event: 6.342 Thread 0x000001cdfa9028c0 nmethod 1702 0x000001cde5ab6f90 code [0x000001cde5ab71a0, 0x000001cde5ab7820]
Event: 6.498 Thread 0x000001cdfa9028c0 1703       3       org.eclipse.osgi.framework.util.SecureAction::getProperty (31 bytes)
Event: 6.498 Thread 0x000001cdfa9028c0 nmethod 1703 0x000001cde5ab7a10 code [0x000001cde5ab7c00, 0x000001cde5ab8058]
Event: 6.541 Thread 0x000001cdf902f410 1704       4       sun.nio.fs.WindowsPathParser::isSlash (18 bytes)
Event: 6.541 Thread 0x000001cdf902f410 nmethod 1704 0x000001cded327910 code [0x000001cded327aa0, 0x000001cded327b30]
Event: 7.080 Thread 0x000001cdfa9028c0 1705       3       org.eclipse.osgi.internal.framework.EquinoxConfiguration$ConfigValues::internalGet (24 bytes)
Event: 7.080 Thread 0x000001cdfa9028c0 nmethod 1705 0x000001cde5ab8210 code [0x000001cde5ab8420, 0x000001cde5ab8a18]
Event: 7.104 Thread 0x000001cdf902f410 1706       4       java.io.WinNTFileSystem::normalize (143 bytes)

GC Heap History (2 events):
Event: 2.222 GC heap before
{Heap before GC invocations=1 (full 0):
 PSYoungGen      total 29696K, used 25600K [0x00000000d5580000, 0x00000000d7680000, 0x0000000100000000)
  eden space 25600K, 100% used [0x00000000d5580000,0x00000000d6e80000,0x00000000d6e80000)
  from space 4096K, 0% used [0x00000000d7280000,0x00000000d7280000,0x00000000d7680000)
  to   space 4096K, 0% used [0x00000000d6e80000,0x00000000d6e80000,0x00000000d7280000)
 ParOldGen       total 68608K, used 0K [0x0000000080000000, 0x0000000084300000, 0x00000000d5580000)
  object space 68608K, 0% used [0x0000000080000000,0x0000000080000000,0x0000000084300000)
 Metaspace       used 4299K, committed 4544K, reserved 1114112K
  class space    used 457K, committed 576K, reserved 1048576K
}
Event: 2.264 GC heap after
{Heap after GC invocations=1 (full 0):
 PSYoungGen      total 29696K, used 3311K [0x00000000d5580000, 0x00000000d7680000, 0x0000000100000000)
  eden space 25600K, 0% used [0x00000000d5580000,0x00000000d5580000,0x00000000d6e80000)
  from space 4096K, 80% used [0x00000000d6e80000,0x00000000d71bbf18,0x00000000d7280000)
  to   space 4096K, 0% used [0x00000000d7280000,0x00000000d7280000,0x00000000d7680000)
 ParOldGen       total 68608K, used 0K [0x0000000080000000, 0x0000000084300000, 0x00000000d5580000)
  object space 68608K, 0% used [0x0000000080000000,0x0000000080000000,0x0000000084300000)
 Metaspace       used 4299K, committed 4544K, reserved 1114112K
  class space    used 457K, committed 576K, reserved 1048576K
}

Dll operation events (8 events):
Event: 0.064 Loaded shared library c:\Users\hp\.vscode\extensions\redhat.java-1.43.1-win32-x64\jre\21.0.7-win32-x86_64\bin\java.dll
Event: 0.278 Loaded shared library c:\Users\hp\.vscode\extensions\redhat.java-1.43.1-win32-x64\jre\21.0.7-win32-x86_64\bin\zip.dll
Event: 0.345 Loaded shared library C:\Users\hp\.vscode\extensions\redhat.java-1.43.1-win32-x64\jre\21.0.7-win32-x86_64\bin\instrument.dll
Event: 0.355 Loaded shared library C:\Users\hp\.vscode\extensions\redhat.java-1.43.1-win32-x64\jre\21.0.7-win32-x86_64\bin\net.dll
Event: 0.362 Loaded shared library C:\Users\hp\.vscode\extensions\redhat.java-1.43.1-win32-x64\jre\21.0.7-win32-x86_64\bin\nio.dll
Event: 0.371 Loaded shared library C:\Users\hp\.vscode\extensions\redhat.java-1.43.1-win32-x64\jre\21.0.7-win32-x86_64\bin\zip.dll
Event: 0.463 Loaded shared library C:\Users\hp\.vscode\extensions\redhat.java-1.43.1-win32-x64\jre\21.0.7-win32-x86_64\bin\jimage.dll
Event: 0.805 Loaded shared library c:\Users\hp\.vscode\extensions\redhat.java-1.43.1-win32-x64\jre\21.0.7-win32-x86_64\bin\verify.dll

Deoptimization events (20 events):
Event: 3.914 Thread 0x000001cde25bfb30 Uncommon trap: trap_request=0xffffffde fr.pc=0x000001cded2af254 relative=0x0000000000000494
Event: 3.914 Thread 0x000001cde25bfb30 Uncommon trap: reason=class_check action=maybe_recompile pc=0x000001cded2af254 method=java.util.HashMap.putVal(ILjava/lang/Object;Ljava/lang/Object;ZZ)Ljava/lang/Object; @ 253 c2
Event: 3.914 Thread 0x000001cde25bfb30 DEOPT PACKING pc=0x000001cded2af254 sp=0x000000cc217fe6e0
Event: 3.915 Thread 0x000001cde25bfb30 DEOPT UNPACKING pc=0x000001cdecd36da2 sp=0x000000cc217fe670 mode 2
Event: 3.926 Thread 0x000001cde25bfb30 Uncommon trap: trap_request=0xffffffde fr.pc=0x000001cded2af254 relative=0x0000000000000494
Event: 3.926 Thread 0x000001cde25bfb30 Uncommon trap: reason=class_check action=maybe_recompile pc=0x000001cded2af254 method=java.util.HashMap.putVal(ILjava/lang/Object;Ljava/lang/Object;ZZ)Ljava/lang/Object; @ 253 c2
Event: 3.926 Thread 0x000001cde25bfb30 DEOPT PACKING pc=0x000001cded2af254 sp=0x000000cc217fe6e0
Event: 3.926 Thread 0x000001cde25bfb30 DEOPT UNPACKING pc=0x000001cdecd36da2 sp=0x000000cc217fe670 mode 2
Event: 4.071 Thread 0x000001cde25bfb30 DEOPT PACKING pc=0x000001cde5934708 sp=0x000000cc217fc8a0
Event: 4.071 Thread 0x000001cde25bfb30 DEOPT UNPACKING pc=0x000001cdecd378e2 sp=0x000000cc217fbd20 mode 0
Event: 4.074 Thread 0x000001cde25bfb30 DEOPT PACKING pc=0x000001cde5934708 sp=0x000000cc217fcbb0
Event: 4.074 Thread 0x000001cde25bfb30 DEOPT UNPACKING pc=0x000001cdecd378e2 sp=0x000000cc217fc030 mode 0
Event: 4.075 Thread 0x000001cde25bfb30 DEOPT PACKING pc=0x000001cde5934708 sp=0x000000cc217fcb00
Event: 4.076 Thread 0x000001cde25bfb30 DEOPT UNPACKING pc=0x000001cdecd378e2 sp=0x000000cc217fbf80 mode 0
Event: 4.077 Thread 0x000001cde25bfb30 DEOPT PACKING pc=0x000001cde5934708 sp=0x000000cc217fce00
Event: 4.078 Thread 0x000001cde25bfb30 DEOPT UNPACKING pc=0x000001cdecd378e2 sp=0x000000cc217fc280 mode 0
Event: 4.078 Thread 0x000001cde25bfb30 Uncommon trap: trap_request=0xffffff45 fr.pc=0x000001cded31e8e8 relative=0x0000000000000888
Event: 4.078 Thread 0x000001cde25bfb30 Uncommon trap: reason=unstable_if action=reinterpret pc=0x000001cded31e8e8 method=java.util.HashMap.putVal(ILjava/lang/Object;Ljava/lang/Object;ZZ)Ljava/lang/Object; @ 81 c2
Event: 4.078 Thread 0x000001cde25bfb30 DEOPT PACKING pc=0x000001cded31e8e8 sp=0x000000cc217fd290
Event: 4.078 Thread 0x000001cde25bfb30 DEOPT UNPACKING pc=0x000001cdecd36da2 sp=0x000000cc217fd220 mode 2

Classes loaded (20 events):
Event: 4.056 Loading class java/security/KeyStoreException
Event: 4.056 Loading class java/security/KeyStoreException done
Event: 4.109 Loading class java/util/LinkedList$Node
Event: 4.109 Loading class java/util/LinkedList$Node done
Event: 4.109 Loading class java/util/LinkedList$ListItr
Event: 4.110 Loading class java/util/LinkedList$ListItr done
Event: 4.113 Loading class java/lang/Thread$Builder$OfPlatform
Event: 4.113 Loading class java/lang/Thread$Builder
Event: 4.114 Loading class java/lang/Thread$Builder done
Event: 4.114 Loading class java/lang/Thread$Builder$OfPlatform done
Event: 4.114 Loading class java/lang/Thread$Builder$OfVirtual
Event: 4.114 Loading class java/lang/Thread$Builder$OfVirtual done
Event: 4.139 Loading class sun/nio/fs/WindowsChannelFactory
Event: 4.140 Loading class sun/nio/fs/WindowsChannelFactory done
Event: 4.140 Loading class sun/nio/fs/WindowsChannelFactory$1
Event: 4.140 Loading class sun/nio/fs/WindowsChannelFactory$1 done
Event: 4.140 Loading class sun/nio/fs/WindowsChannelFactory$Flags
Event: 4.141 Loading class sun/nio/fs/WindowsChannelFactory$Flags done
Event: 4.141 Loading class sun/nio/ch/FileChannelImpl$Closer
Event: 4.142 Loading class sun/nio/ch/FileChannelImpl$Closer done

Classes unloaded (0 events):
No events

Classes redefined (0 events):
No events

Internal exceptions (20 events):
Event: 1.737 Thread 0x000001cde25bfb30 Exception <a 'java/lang/NoSuchMethodError'{0x00000000d6566118}: 'int java.lang.invoke.DirectMethodHandle$Holder.invokeStatic(java.lang.Object, java.lang.Object, java.lang.Object, java.lang.Object, java.lang.Object)'> (0x00000000d6566118) 
thrown [s\src\hotspot\share\interpreter\linkResolver.cpp, line 773]
Event: 1.815 Thread 0x000001cde25bfb30 Exception <a 'java/lang/NoSuchMethodError'{0x00000000d65fcd90}: 'java.lang.Object java.lang.invoke.DirectMethodHandle$Holder.invokeInterface(java.lang.Object, java.lang.Object, int)'> (0x00000000d65fcd90) 
thrown [s\src\hotspot\share\interpreter\linkResolver.cpp, line 773]
Event: 2.091 Thread 0x000001cde25bfb30 Exception <a 'java/lang/NoSuchMethodError'{0x00000000d6a78800}: 'java.lang.ClassLoader java.lang.ClassLoader.getPlatformClassLoader(java.lang.Class)'> (0x00000000d6a78800) 
thrown [s\src\hotspot\share\interpreter\linkResolver.cpp, line 773]
Event: 2.280 Thread 0x000001cde25bfb30 Exception <a 'java/lang/ClassNotFoundException'{0x00000000d5593cb8}: sun/net/www/protocol/c/Handler> (0x00000000d5593cb8) 
thrown [s\src\hotspot\share\classfile\systemDictionary.cpp, line 312]
Event: 2.280 Thread 0x000001cde25bfb30 Exception <a 'java/lang/ClassNotFoundException'{0x00000000d5595040}: sun/net/www/protocol/c/Handler> (0x00000000d5595040) 
thrown [s\src\hotspot\share\classfile\systemDictionary.cpp, line 312]
Event: 2.281 Thread 0x000001cde25bfb30 Exception <a 'java/lang/ClassNotFoundException'{0x00000000d5596208}: sun/net/www/protocol/c/Handler> (0x00000000d5596208) 
thrown [s\src\hotspot\share\classfile\systemDictionary.cpp, line 312]
Event: 2.328 Thread 0x000001cde25bfb30 Exception <a 'java/io/FileNotFoundException'{0x00000000d55babf8}> (0x00000000d55babf8) 
thrown [s\src\hotspot\share\prims\jni.cpp, line 520]
Event: 2.429 Thread 0x000001cde25bfb30 Implicit null exception at 0x000001cded2d39a9 to 0x000001cded2d424c
Event: 2.429 Thread 0x000001cde25bfb30 Implicit null exception at 0x000001cded2eaa9a to 0x000001cded2eaca4
Event: 2.430 Thread 0x000001cde25bfb30 Exception <a 'java/lang/NoSuchMethodError'{0x00000000d5765e00}: 'void java.lang.invoke.DirectMethodHandle$Holder.invokeStatic(java.lang.Object, java.lang.Object, java.lang.Object, java.lang.Object)'> (0x00000000d5765e00) 
thrown [s\src\hotspot\share\interpreter\linkResolver.cpp, line 773]
Event: 2.432 Thread 0x000001cde25bfb30 Implicit null exception at 0x000001cded2d9c1a to 0x000001cded2d9e24
Event: 2.432 Thread 0x000001cde25bfb30 Implicit null exception at 0x000001cded2d7dbd to 0x000001cded2d7e41
Event: 2.724 Thread 0x000001cde25bfb30 Exception <a 'java/lang/NoSuchMethodError'{0x00000000d59d93f8}: 'void java.lang.invoke.DirectMethodHandle$Holder.invokeSpecial(java.lang.Object, java.lang.Object, java.lang.Object)'> (0x00000000d59d93f8) 
thrown [s\src\hotspot\share\interpreter\linkResolver.cpp, line 773]
Event: 3.553 Thread 0x000001cde25bfb30 Exception <a 'java/lang/NoSuchMethodError'{0x00000000d629e2c0}: 'int java.lang.invoke.DirectMethodHandle$Holder.invokeVirtual(java.lang.Object, java.lang.Object)'> (0x00000000d629e2c0) 
thrown [s\src\hotspot\share\interpreter\linkResolver.cpp, line 773]
Event: 3.714 Thread 0x000001cde25bfb30 Exception <a 'java/lang/NoSuchMethodError'{0x00000000d6423850}: 'int java.lang.invoke.DirectMethodHandle$Holder.invokeStaticInit(java.lang.Object, java.lang.Object, java.lang.Object, java.lang.Object)'> (0x00000000d6423850) 
thrown [s\src\hotspot\share\interpreter\linkResolver.cpp, line 773]
Event: 3.717 Thread 0x000001cde25bfb30 Exception <a 'java/lang/IncompatibleClassChangeError'{0x00000000d642bcd8}: Found class java.lang.Object, but interface was expected> (0x00000000d642bcd8) 
thrown [s\src\hotspot\share\interpreter\linkResolver.cpp, line 840]
Event: 3.720 Thread 0x000001cde25bfb30 Exception <a 'java/lang/NoSuchMethodError'{0x00000000d6432c08}: 'void java.lang.invoke.DirectMethodHandle$Holder.invokeStaticInit(java.lang.Object, java.lang.Object)'> (0x00000000d6432c08) 
thrown [s\src\hotspot\share\interpreter\linkResolver.cpp, line 773]
Event: 3.722 Thread 0x000001cde25bfb30 Exception <a 'java/lang/NoSuchMethodError'{0x00000000d643c940}: 'int java.lang.invoke.DirectMethodHandle$Holder.invokeStaticInit(java.lang.Object, java.lang.Object)'> (0x00000000d643c940) 
thrown [s\src\hotspot\share\interpreter\linkResolver.cpp, line 773]
Event: 3.886 Thread 0x000001cde25bfb30 Exception <a 'java/lang/NoSuchMethodError'{0x00000000d66abca0}: 'java.lang.Object java.lang.invoke.DirectMethodHandle$Holder.newInvokeSpecial(java.lang.Object, int, java.lang.Object)'> (0x00000000d66abca0) 
thrown [s\src\hotspot\share\interpreter\linkResolver.cpp, line 773]
Event: 3.987 Thread 0x000001cde25bfb30 Exception <a 'java/lang/ClassNotFoundException'{0x00000000d68bc890}: sun/net/www/protocol/plurl/Handler> (0x00000000d68bc890) 
thrown [s\src\hotspot\share\classfile\systemDictionary.cpp, line 312]

ZGC Phase Switch (0 events):
No events

VM Operations (20 events):
Event: 1.534 Executing VM operation: Cleanup
Event: 1.534 Executing VM operation: Cleanup done
Event: 1.599 Executing VM operation: HandshakeAllThreads (Deoptimize)
Event: 1.599 Executing VM operation: HandshakeAllThreads (Deoptimize) done
Event: 2.221 Executing VM operation: ParallelGCFailedAllocation (Allocation Failure)
Event: 2.264 Executing VM operation: ParallelGCFailedAllocation (Allocation Failure) done
Event: 3.275 Executing VM operation: Cleanup
Event: 3.275 Executing VM operation: Cleanup done
Event: 3.818 Executing VM operation: HandshakeAllThreads (Deoptimize)
Event: 3.818 Executing VM operation: HandshakeAllThreads (Deoptimize) done
Event: 3.843 Executing VM operation: HandshakeAllThreads (Deoptimize)
Event: 3.843 Executing VM operation: HandshakeAllThreads (Deoptimize) done
Event: 3.950 Executing VM operation: HandshakeAllThreads (Deoptimize)
Event: 3.951 Executing VM operation: HandshakeAllThreads (Deoptimize) done
Event: 3.979 Executing VM operation: HandshakeAllThreads (Deoptimize)
Event: 3.979 Executing VM operation: HandshakeAllThreads (Deoptimize) done
Event: 4.980 Executing VM operation: Cleanup
Event: 4.980 Executing VM operation: Cleanup done
Event: 5.990 Executing VM operation: Cleanup
Event: 5.990 Executing VM operation: Cleanup done

Memory protections (0 events):
No events

Nmethod flushes (0 events):
No events

Events (12 events):
Event: 0.097 Thread 0x000001cde25bfb30 Thread added: 0x000001cde25bfb30
Event: 0.144 Thread 0x000001cde25bfb30 Thread added: 0x000001cdf9020540
Event: 0.144 Thread 0x000001cde25bfb30 Thread added: 0x000001cdf90223b0
Event: 0.144 Thread 0x000001cde25bfb30 Thread added: 0x000001cdf90243c0
Event: 0.145 Thread 0x000001cde25bfb30 Thread added: 0x000001cdf9028570
Event: 0.145 Thread 0x000001cde25bfb30 Thread added: 0x000001cdf902d9b0
Event: 0.145 Thread 0x000001cde25bfb30 Thread added: 0x000001cdf902e4f0
Event: 0.145 Thread 0x000001cde25bfb30 Thread added: 0x000001cdf902f410
Event: 0.151 Thread 0x000001cde25bfb30 Thread added: 0x000001cdfa9028c0
Event: 0.245 Thread 0x000001cde25bfb30 Thread added: 0x000001cde262c220
Event: 1.187 Thread 0x000001cde25bfb30 Thread added: 0x000001cdfabc4580
Event: 3.788 Thread 0x000001cde25bfb30 Thread added: 0x000001cdff344df0


Dynamic libraries:
0x00007ff60a360000 - 0x00007ff60a36e000 	c:\Users\hp\.vscode\extensions\redhat.java-1.43.1-win32-x64\jre\21.0.7-win32-x86_64\bin\java.exe
0x00007fffb19d0000 - 0x00007fffb1be7000 	C:\WINDOWS\SYSTEM32\ntdll.dll
0x00007fffb0bb0000 - 0x00007fffb0c74000 	C:\WINDOWS\System32\KERNEL32.DLL
0x00007fffaef00000 - 0x00007fffaf2d2000 	C:\WINDOWS\System32\KERNELBASE.dll
0x00007fffaede0000 - 0x00007fffaeef1000 	C:\WINDOWS\System32\ucrtbase.dll
0x00007fff6db60000 - 0x00007fff6db78000 	c:\Users\hp\.vscode\extensions\redhat.java-1.43.1-win32-x64\jre\21.0.7-win32-x86_64\bin\jli.dll
0x00007fffb10a0000 - 0x00007fffb1251000 	C:\WINDOWS\System32\USER32.dll
0x00007fffaf5b0000 - 0x00007fffaf5d6000 	C:\WINDOWS\System32\win32u.dll
0x00007fffb1960000 - 0x00007fffb1989000 	C:\WINDOWS\System32\GDI32.dll
0x00007fffaeac0000 - 0x00007fffaebe3000 	C:\WINDOWS\System32\gdi32full.dll
0x00007fffaf3d0000 - 0x00007fffaf46a000 	C:\WINDOWS\System32\msvcp_win.dll
0x00007fff6db40000 - 0x00007fff6db5e000 	c:\Users\hp\.vscode\extensions\redhat.java-1.43.1-win32-x64\jre\21.0.7-win32-x86_64\bin\VCRUNTIME140.dll
0x00007fff98a80000 - 0x00007fff98d1b000 	C:\WINDOWS\WinSxS\amd64_microsoft.windows.common-controls_6595b64144ccf1df_6.0.22621.5415_none_270d77d17387d7da\COMCTL32.dll
0x00007fffaf660000 - 0x00007fffaf707000 	C:\WINDOWS\System32\msvcrt.dll
0x00007fffb1900000 - 0x00007fffb1931000 	C:\WINDOWS\System32\IMM32.DLL
0x00007fff8c130000 - 0x00007fff8c13c000 	c:\Users\hp\.vscode\extensions\redhat.java-1.43.1-win32-x64\jre\21.0.7-win32-x86_64\bin\vcruntime140_1.dll
0x00007fff5ffd0000 - 0x00007fff6005d000 	c:\Users\hp\.vscode\extensions\redhat.java-1.43.1-win32-x64\jre\21.0.7-win32-x86_64\bin\msvcp140.dll
0x00007fff0a090000 - 0x00007fff0ae20000 	c:\Users\hp\.vscode\extensions\redhat.java-1.43.1-win32-x64\jre\21.0.7-win32-x86_64\bin\server\jvm.dll
0x00007fffaf8e0000 - 0x00007fffaf991000 	C:\WINDOWS\System32\ADVAPI32.dll
0x00007fffb0d70000 - 0x00007fffb0e18000 	C:\WINDOWS\System32\sechost.dll
0x00007fffaf2e0000 - 0x00007fffaf308000 	C:\WINDOWS\System32\bcrypt.dll
0x00007fffb0e20000 - 0x00007fffb0f34000 	C:\WINDOWS\System32\RPCRT4.dll
0x00007fffafbb0000 - 0x00007fffafc21000 	C:\WINDOWS\System32\WS2_32.dll
0x00007fffae990000 - 0x00007fffae9dd000 	C:\WINDOWS\SYSTEM32\POWRPROF.dll
0x00007fffaa8d0000 - 0x00007fffaa904000 	C:\WINDOWS\SYSTEM32\WINMM.dll
0x00007fffa75f0000 - 0x00007fffa75fa000 	C:\WINDOWS\SYSTEM32\VERSION.dll
0x00007fffae970000 - 0x00007fffae983000 	C:\WINDOWS\SYSTEM32\UMPDC.dll
0x00007fffadaf0000 - 0x00007fffadb08000 	C:\WINDOWS\SYSTEM32\kernel.appcore.dll
0x00007fff80790000 - 0x00007fff8079a000 	c:\Users\hp\.vscode\extensions\redhat.java-1.43.1-win32-x64\jre\21.0.7-win32-x86_64\bin\jimage.dll
0x00007fffac6b0000 - 0x00007fffac8e3000 	C:\WINDOWS\SYSTEM32\DBGHELP.DLL
0x00007fffb1260000 - 0x00007fffb15f3000 	C:\WINDOWS\System32\combase.dll
0x00007fffb0c80000 - 0x00007fffb0d57000 	C:\WINDOWS\System32\OLEAUT32.dll
0x00007fffa7b30000 - 0x00007fffa7b62000 	C:\WINDOWS\SYSTEM32\dbgcore.DLL
0x00007fffaf5e0000 - 0x00007fffaf65b000 	C:\WINDOWS\System32\bcryptPrimitives.dll
0x00007fff7ee30000 - 0x00007fff7ee3f000 	c:\Users\hp\.vscode\extensions\redhat.java-1.43.1-win32-x64\jre\21.0.7-win32-x86_64\bin\instrument.dll
0x00007fff6db20000 - 0x00007fff6db3f000 	c:\Users\hp\.vscode\extensions\redhat.java-1.43.1-win32-x64\jre\21.0.7-win32-x86_64\bin\java.dll
0x00007fffafd50000 - 0x00007fffb05f2000 	C:\WINDOWS\System32\SHELL32.dll
0x00007fffaf470000 - 0x00007fffaf5af000 	C:\WINDOWS\System32\wintypes.dll
0x00007fffac9f0000 - 0x00007fffad30e000 	C:\WINDOWS\SYSTEM32\windows.storage.dll
0x00007fffb1650000 - 0x00007fffb175b000 	C:\WINDOWS\System32\SHCORE.dll
0x00007fffb0b40000 - 0x00007fffb0ba9000 	C:\WINDOWS\System32\shlwapi.dll
0x00007fffae9f0000 - 0x00007fffaea1b000 	C:\WINDOWS\SYSTEM32\profapi.dll
0x00007fff6db00000 - 0x00007fff6db18000 	c:\Users\hp\.vscode\extensions\redhat.java-1.43.1-win32-x64\jre\21.0.7-win32-x86_64\bin\zip.dll
0x00007fff7eff0000 - 0x00007fff7f000000 	C:\Users\hp\.vscode\extensions\redhat.java-1.43.1-win32-x64\jre\21.0.7-win32-x86_64\bin\net.dll
0x00007fffaa6f0000 - 0x00007fffaa81c000 	C:\WINDOWS\SYSTEM32\WINHTTP.dll
0x00007fffadf70000 - 0x00007fffadfd9000 	C:\WINDOWS\system32\mswsock.dll
0x00007fff6dae0000 - 0x00007fff6daf6000 	C:\Users\hp\.vscode\extensions\redhat.java-1.43.1-win32-x64\jre\21.0.7-win32-x86_64\bin\nio.dll
0x00007fff78ce0000 - 0x00007fff78cf0000 	c:\Users\hp\.vscode\extensions\redhat.java-1.43.1-win32-x64\jre\21.0.7-win32-x86_64\bin\verify.dll

dbghelp: loaded successfully - version: 4.0.5 - missing functions: none
symbol engine: initialized successfully - sym options: 0x614 - pdb path: .;c:\Users\hp\.vscode\extensions\redhat.java-1.43.1-win32-x64\jre\21.0.7-win32-x86_64\bin;C:\WINDOWS\SYSTEM32;C:\WINDOWS\WinSxS\amd64_microsoft.windows.common-controls_6595b64144ccf1df_6.0.22621.5415_none_270d77d17387d7da;c:\Users\hp\.vscode\extensions\redhat.java-1.43.1-win32-x64\jre\21.0.7-win32-x86_64\bin\server

VM Arguments:
jvm_args: --add-modules=ALL-SYSTEM --add-opens=java.base/java.util=ALL-UNNAMED --add-opens=java.base/java.lang=ALL-UNNAMED --add-opens=java.base/sun.nio.fs=ALL-UNNAMED -Declipse.application=org.eclipse.jdt.ls.core.id1 -Dosgi.bundles.defaultStartLevel=4 -Declipse.product=org.eclipse.jdt.ls.core.product -Djava.import.generatesMetadataFilesAtProjectRoot=false -DDetectVMInstallationsJob.disabled=true -Dfile.encoding=utf8 -XX:+UseParallelGC -XX:GCTimeRatio=4 -XX:AdaptiveSizePolicyWeight=90 -Dsun.zip.disableMemoryMapping=true -Xmx2G -Xms100m -Xlog:disable -javaagent:c:\Users\hp\.vscode\extensions\redhat.java-1.43.1-win32-x64\lombok\lombok-1.18.39-4050.jar 
java_command: c:\Users\hp\.vscode\extensions\redhat.java-1.43.1-win32-x64\server\plugins\org.eclipse.equinox.launcher_1.7.0.v20250519-0528.jar -configuration c:\Users\hp\AppData\Roaming\Code\User\globalStorage\redhat.java\1.43.1\config_ss_win -data c:\Users\hp\AppData\Roaming\Code\User\workspaceStorage\fec63824a433b6cc7d2aa81abfbd1eaf\redhat.java\ss_ws --pipe=\\.\pipe\lsp-c1abd24ba136490769aed51564933ab3-sock
java_class_path (initial): c:\Users\hp\.vscode\extensions\redhat.java-1.43.1-win32-x64\server\plugins\org.eclipse.equinox.launcher_1.7.0.v20250519-0528.jar
Launcher Type: SUN_STANDARD

[Global flags]
    uintx AdaptiveSizePolicyWeight                 = 90                                        {product} {command line}
     intx CICompilerCount                          = 4                                         {product} {ergonomic}
    uintx GCTimeRatio                              = 4                                         {product} {command line}
   size_t InitialHeapSize                          = 104857600                                 {product} {command line}
   size_t MaxHeapSize                              = 2147483648                                {product} {command line}
   size_t MaxNewSize                               = 715653120                                 {product} {ergonomic}
   size_t MinHeapDeltaBytes                        = 524288                                    {product} {ergonomic}
   size_t MinHeapSize                              = 104857600                                 {product} {command line}
   size_t NewSize                                  = 34603008                                  {product} {ergonomic}
    uintx NonNMethodCodeHeapSize                   = 5839372                                {pd product} {ergonomic}
    uintx NonProfiledCodeHeapSize                  = 122909434                              {pd product} {ergonomic}
   size_t OldSize                                  = 70254592                                  {product} {ergonomic}
    uintx ProfiledCodeHeapSize                     = 122909434                              {pd product} {ergonomic}
    uintx ReservedCodeCacheSize                    = 251658240                              {pd product} {ergonomic}
     bool SegmentedCodeCache                       = true                                      {product} {ergonomic}
   size_t SoftMaxHeapSize                          = 2147483648                             {manageable} {ergonomic}
     bool UseCompressedOops                        = true                           {product lp64_product} {ergonomic}
     bool UseLargePagesIndividualAllocation        = false                                  {pd product} {ergonomic}
     bool UseParallelGC                            = true                                      {product} {command line}

Logging:
Log output configuration:
 #0: stdout all=off uptime,level,tags foldmultilines=false
 #1: stderr all=off uptime,level,tags foldmultilines=false

Environment Variables:
PATH=C:\app\hp\virtual\product\12.2.0\dbhome_1\bin;C:\WINDOWS\system32;C:\WINDOWS;C:\WINDOWS\System32\Wbem;C:\WINDOWS\System32\WindowsPowerShell\v1.0\;C:\WINDOWS\System32\OpenSSH\;C:\Program Files\Git\cmd;C:\xampp\php;C:\composer;C:\tools\nvm;C:\Program Files\nodejs;C:\Program Files\Redis\;C:\flutter\bin;C:\adb\platform-tools;C:\xampp\mysql\bin;C:\Program Files (x86)\Microsoft SQL Server\160\Tools\Binn\;C:\Program Files\Microsoft SQL Server\160\Tools\Binn\;C:\Program Files\Microsoft SQL Server\Client SDK\ODBC\170\Tools\Binn\;C:\Program Files\Microsoft SQL Server\160\DTS\Binn\;C:\Program Files (x86)\Microsoft SQL Server\160\DTS\Binn\;C:\Program Files\dotnet\;%jJAVA%;C:\Users\hp\Downloads\openjdk-17.0.2_windows-x64_bin\jdk-17.0.2\bin;C:\Users\hp\AppData\Local\Programs\Python\Python312\Scripts\;C:\Users\hp\AppData\Local\Programs\Python\Python312\;C:\Users\hp\AppData\Local\Programs\Python\Launcher\;C:\Users\hp\AppData\Local\Microsoft\WindowsApps;C:\Users\hp\AppData\Local\Programs\Microsoft VS Code\bin;C:\Users\hp\AppData\Roaming\npm;C:\Users\hp\AppData\Roaming\Composer\vendor\bin;C:\Users\hp\composer;C:\tools\nvm;C:\Program Files\nodejs;C:\Users\hp\AppData\Local\GitHubDesktop\bin;C:\flutter\bin;;C:\Program Files\JetBrains\IntelliJ IDEA Community Edition 2024.3.5\bin;;C:\Users\hp\.dotnet\tools;C:\Users\hp\AppData\Local\Programs\Windsurf\bin
USERNAME=hp
OS=Windows_NT
PROCESSOR_IDENTIFIER=Intel64 Family 6 Model 126 Stepping 5, GenuineIntel
TMP=C:\Users\hp\AppData\Local\Temp
TEMP=C:\Users\hp\AppData\Local\Temp




Periodic native trim disabled

---------------  S Y S T E M  ---------------

OS:
 Windows 11 , 64 bit Build 22621 (10.0.22621.5415)
OS uptime: 0 days 0:41 hours

CPU: total 8 (initial active 8) (4 cores per cpu, 2 threads per core) family 6 model 126 stepping 5 microcode 0xbc, cx8, cmov, fxsr, ht, mmx, 3dnowpref, sse, sse2, sse3, ssse3, sse4.1, sse4.2, popcnt, lzcnt, tsc, tscinvbit, avx, avx2, aes, erms, clmul, bmi1, bmi2, adx, avx512f, avx512dq, avx512cd, avx512bw, avx512vl, sha, fma, vzeroupper, avx512_vpopcntdq, avx512_vpclmulqdq, avx512_vaes, avx512_vnni, clflush, clflushopt, avx512_vbmi2, avx512_vbmi, rdtscp, rdpid, fsrm, gfni, avx512_bitalg, f16c, pku, avx512_ifma
Processor Information for the first 8 processors :
  Max Mhz: 1201, Current Mhz: 1000, Mhz Limit: 996

Memory: 4k page, system-wide physical 7879M (227M free)
TotalPageFile size 14034M (AvailPageFile size 0M)
current process WorkingSet (physical memory assigned to process): 81M, peak: 86M
current process commit charge ("private bytes"): 235M, peak: 240M

vm_info: OpenJDK 64-Bit Server VM (21.0.7+6-LTS) for windows-amd64 JRE (21.0.7+6-LTS), built on 2025-04-15T00:00:00Z by "admin" with MS VC++ 17.7 (VS2022)

END.
