#
# There is insufficient memory for the Java Runtime Environment to continue.
# Native memory allocation (malloc) failed to allocate 443136 bytes. Error detail: Chunk::new
# Possible reasons:
#   The system is out of physical RAM or swap space
#   This process is running with CompressedOops enabled, and the Java Heap may be blocking the growth of the native heap
# Possible solutions:
#   Reduce memory load on the system
#   Increase physical memory or swap space
#   Check if swap backing store is full
#   Decrease Java heap size (-Xmx/-Xms)
#   Decrease number of Java threads
#   Decrease Java thread stack sizes (-Xss)
#   Set larger code cache with -XX:ReservedCodeCacheSize=
#   JVM is running with Unscaled Compressed Oops mode in which the Java heap is
#     placed in the first 4GB address space. The Java Heap base address is the
#     maximum limit for the native heap growth. Please use -XX:HeapBaseMinAddress
#     to set the Java Heap base and to place the Java Heap above 4GB virtual address.
# This output file may be truncated or incomplete.
#
#  Out of Memory Error (arena.cpp:168), pid=13452, tid=16124
#
# JRE version: OpenJDK Runtime Environment Temurin-21.0.7+6 (21.0.7+6) (build 21.0.7+6-LTS)
# Java VM: OpenJDK 64-Bit Server VM Temurin-21.0.7+6 (21.0.7+6-LTS, mixed mode, sharing, tiered, compressed oops, compressed class ptrs, parallel gc, windows-amd64)
# No core dump will be written. Minidumps are not enabled by default on client versions of Windows
#

---------------  S U M M A R Y ------------

Command Line: --add-modules=ALL-SYSTEM --add-opens=java.base/java.util=ALL-UNNAMED --add-opens=java.base/java.lang=ALL-UNNAMED --add-opens=java.base/sun.nio.fs=ALL-UNNAMED -Declipse.application=org.eclipse.jdt.ls.core.id1 -Dosgi.bundles.defaultStartLevel=4 -Declipse.product=org.eclipse.jdt.ls.core.product -Djava.import.generatesMetadataFilesAtProjectRoot=false -DDetectVMInstallationsJob.disabled=true -Dfile.encoding=utf8 -XX:+UseParallelGC -XX:GCTimeRatio=4 -XX:AdaptiveSizePolicyWeight=90 -Dsun.zip.disableMemoryMapping=true -Xmx2G -Xms100m -Xlog:disable -javaagent:c:\Users\hp\.vscode\extensions\redhat.java-1.43.1-win32-x64\lombok\lombok-1.18.39-4050.jar -XX:+HeapDumpOnOutOfMemoryError -XX:HeapDumpPath=c:\Users\hp\AppData\Roaming\Code\User\workspaceStorage\fec63824a433b6cc7d2aa81abfbd1eaf\redhat.java -Daether.dependencyCollector.impl=bf c:\Users\hp\.vscode\extensions\redhat.java-1.43.1-win32-x64\server\plugins\org.eclipse.equinox.launcher_1.7.0.v20250519-0528.jar -configuration c:\Users\hp\AppData\Roaming\Code\User\globalStorage\redhat.java\1.43.1\config_win -data c:\Users\hp\AppData\Roaming\Code\User\workspaceStorage\fec63824a433b6cc7d2aa81abfbd1eaf\redhat.java\jdt_ws --pipe=\\.\pipe\lsp-85ac1f98eec416d015fae48ee9a1af3d-sock

Host: Intel(R) Core(TM) i5-1035G1 CPU @ 1.00GHz, 8 cores, 7G,  Windows 11 , 64 bit Build 22621 (10.0.22621.5415)
Time: Thu Jul 10 19:15:54 2025 Paris, Madrid (heure duild 22621 (10.0.22621.5415) elapsed time: 104.752996 seconds (0d 0h 1m 44s)

---------------  T H R E A D  ---------------

Current thread (0x000002415eb9b040):  JavaThread "C2 CompilerThread0" daemon [_thread_in_native, id=16124, stack(0x0000004178800000,0x0000004178900000) (1024K)]


Current CompileTask:
C2:104753 8632       4       org.eclipse.jdt.internal.core.util.Util::quickSort (107 bytes)

Stack: [0x0000004178800000,0x0000004178900000]
Native frames: (J=compiled Java code, j=interpreted, Vv=VM code, C=native code)
V  [jvm.dll+0x6ce119]
V  [jvm.dll+0x8a84a1]
V  [jvm.dll+0x8aa9ce]
V  [jvm.dll+0x8ab0b3]
V  [jvm.dll+0x27f8a6]
V  [jvm.dll+0xc507d]
V  [jvm.dll+0xc55b3]
V  [jvm.dll+0x2f2c6d]
V  [jvm.dll+0x5f6bca]
V  [jvm.dll+0x250cb2]
V  [jvm.dll+0x25106f]
V  [jvm.dll+0x249934]
V  [jvm.dll+0x246fc4]
V  [jvm.dll+0x1c760e]
V  [jvm.dll+0x25695a]
V  [jvm.dll+0x254efa]
V  [jvm.dll+0x3f03f6]
V  [jvm.dll+0x851f6b]
V  [jvm.dll+0x6cc7dd]
C  [ucrtbase.dll+0x29333]
C  [KERNEL32.DLL+0x1259d]
C  [ntdll.dll+0x5af78]


---------------  P R O C E S S  ---------------

Threads class SMR info:
_java_thread_list=0x0000024167816fd0, length=42, elements={
0x000002414812f0d0, 0x000002415eb8d6c0, 0x000002415eb8ffd0, 0x000002415eb94ca0,
0x000002415eb96a60, 0x000002415eb976b0, 0x000002415eb9a210, 0x000002415eb9b040,
0x000002416049c350, 0x0000024160520820, 0x00000241606aeb00, 0x00000241655a8860,
0x000002416577c590, 0x00000241650ae7d0, 0x00000241650b59f0, 0x0000024165c8d030,
0x0000024165a8f7d0, 0x00000241650d78f0, 0x00000241650d6bd0, 0x00000241650d8610,
0x00000241650d5190, 0x00000241650d7f80, 0x00000241650d7260, 0x00000241650d5eb0,
0x00000241650d5820, 0x00000241650d6540, 0x00000241669b4210, 0x00000241669b7000,
0x00000241669b2e60, 0x00000241669b0700, 0x00000241669b34f0, 0x00000241669b0070,
0x00000241669b5c50, 0x00000241669b48a0, 0x00000241669b4f30, 0x00000241669b3b80,
0x00000241669b55c0, 0x00000241669b62e0, 0x00000241669b6970, 0x00000241669b7690,
0x00000241669b27d0, 0x0000024166cc7eb0
}

Java Threads: ( => current thread )
  0x000002414812f0d0 JavaThread "main"                              [_thread_blocked, id=8676, stack(0x0000004177e00000,0x0000004177f00000) (1024K)]
  0x000002415eb8d6c0 JavaThread "Reference Handler"          daemon [_thread_blocked, id=10800, stack(0x0000004178200000,0x0000004178300000) (1024K)]
  0x000002415eb8ffd0 JavaThread "Finalizer"                  daemon [_thread_blocked, id=5884, stack(0x0000004178300000,0x0000004178400000) (1024K)]
  0x000002415eb94ca0 JavaThread "Signal Dispatcher"          daemon [_thread_blocked, id=8428, stack(0x0000004178400000,0x0000004178500000) (1024K)]
  0x000002415eb96a60 JavaThread "Attach Listener"            daemon [_thread_blocked, id=8780, stack(0x0000004178500000,0x0000004178600000) (1024K)]
  0x000002415eb976b0 JavaThread "Service Thread"             daemon [_thread_blocked, id=15180, stack(0x0000004178600000,0x0000004178700000) (1024K)]
  0x000002415eb9a210 JavaThread "Monitor Deflation Thread"   daemon [_thread_blocked, id=11092, stack(0x0000004178700000,0x0000004178800000) (1024K)]
=>0x000002415eb9b040 JavaThread "C2 CompilerThread0"         daemon [_thread_in_native, id=16124, stack(0x0000004178800000,0x0000004178900000) (1024K)]
  0x000002416049c350 JavaThread "C1 CompilerThread0"         daemon [_thread_in_native, id=2968, stack(0x0000004178900000,0x0000004178a00000) (1024K)]
  0x0000024160520820 JavaThread "Common-Cleaner"             daemon [_thread_blocked, id=9576, stack(0x0000004178a00000,0x0000004178b00000) (1024K)]
  0x00000241606aeb00 JavaThread "Notification Thread"        daemon [_thread_blocked, id=4276, stack(0x0000004178b00000,0x0000004178c00000) (1024K)]
  0x00000241655a8860 JavaThread "Active Thread: Equinox Container: db2476a9-6fee-4468-b000-fa4e7dbd901f"        [_thread_blocked, id=15284, stack(0x0000004178c00000,0x0000004178d00000) (1024K)]
  0x000002416577c590 JavaThread "Refresh Thread: Equinox Container: db2476a9-6fee-4468-b000-fa4e7dbd901f" daemon [_thread_blocked, id=15800, stack(0x0000004179400000,0x0000004179500000) (1024K)]
  0x00000241650ae7d0 JavaThread "Framework Event Dispatcher: Equinox Container: db2476a9-6fee-4468-b000-fa4e7dbd901f" daemon [_thread_blocked, id=2828, stack(0x0000004179500000,0x0000004179600000) (1024K)]
  0x00000241650b59f0 JavaThread "Start Level: Equinox Container: db2476a9-6fee-4468-b000-fa4e7dbd901f" daemon [_thread_blocked, id=10552, stack(0x0000004179600000,0x0000004179700000) (1024K)]
  0x0000024165c8d030 JavaThread "Bundle File Closer"         daemon [_thread_blocked, id=9720, stack(0x0000004179700000,0x0000004179800000) (1024K)]
  0x0000024165a8f7d0 JavaThread "SCR Component Actor"        daemon [_thread_blocked, id=16200, stack(0x0000004179800000,0x0000004179900000) (1024K)]
  0x00000241650d78f0 JavaThread "Worker-JM"                         [_thread_blocked, id=3840, stack(0x0000004179a00000,0x0000004179b00000) (1024K)]
  0x00000241650d6bd0 JavaThread "JNA Cleaner"                daemon [_thread_blocked, id=2972, stack(0x0000004179b00000,0x0000004179c00000) (1024K)]
  0x00000241650d8610 JavaThread "Worker-0"                          [_thread_blocked, id=5052, stack(0x0000004179c00000,0x0000004179d00000) (1024K)]
  0x00000241650d5190 JavaThread "Worker-1"                          [_thread_blocked, id=10984, stack(0x0000004179d00000,0x0000004179e00000) (1024K)]
  0x00000241650d7f80 JavaThread "Worker-2"                          [_thread_blocked, id=1052, stack(0x0000004179e00000,0x0000004179f00000) (1024K)]
  0x00000241650d7260 JavaThread "Worker-3: Initialize Workspace"        [_thread_blocked, id=15272, stack(0x0000004179f00000,0x000000417a000000) (1024K)]
  0x00000241650d5eb0 JavaThread "Java indexing"              daemon [_thread_in_Java, id=2528, stack(0x000000417a000000,0x000000417a100000) (1024K)]
  0x00000241650d5820 JavaThread "Worker-4"                          [_thread_blocked, id=9592, stack(0x000000417a100000,0x000000417a200000) (1024K)]
  0x00000241650d6540 JavaThread "Worker-5"                          [_thread_blocked, id=16044, stack(0x0000004179900000,0x0000004179a00000) (1024K)]
  0x00000241669b4210 JavaThread "Worker-6"                          [_thread_blocked, id=8124, stack(0x000000417a200000,0x000000417a300000) (1024K)]
  0x00000241669b7000 JavaThread "Worker-7: Java indexing... "        [_thread_blocked, id=1160, stack(0x000000417a300000,0x000000417a400000) (1024K)]
  0x00000241669b2e60 JavaThread "Thread-2"                   daemon [_thread_in_native, id=15328, stack(0x000000417a400000,0x000000417a500000) (1024K)]
  0x00000241669b0700 JavaThread "Thread-3"                   daemon [_thread_in_native, id=1196, stack(0x000000417a500000,0x000000417a600000) (1024K)]
  0x00000241669b34f0 JavaThread "Thread-4"                   daemon [_thread_in_native, id=4692, stack(0x000000417a600000,0x000000417a700000) (1024K)]
  0x00000241669b0070 JavaThread "Thread-5"                   daemon [_thread_in_native, id=14660, stack(0x000000417a700000,0x000000417a800000) (1024K)]
  0x00000241669b5c50 JavaThread "Thread-6"                   daemon [_thread_in_native, id=2372, stack(0x000000417a800000,0x000000417a900000) (1024K)]
  0x00000241669b48a0 JavaThread "Thread-7"                   daemon [_thread_in_native, id=16312, stack(0x000000417a900000,0x000000417aa00000) (1024K)]
  0x00000241669b4f30 JavaThread "Thread-8"                   daemon [_thread_in_native, id=3200, stack(0x000000417aa00000,0x000000417ab00000) (1024K)]
  0x00000241669b3b80 JavaThread "Thread-9"                   daemon [_thread_in_native, id=4172, stack(0x000000417ab00000,0x000000417ac00000) (1024K)]
  0x00000241669b55c0 JavaThread "Thread-10"                  daemon [_thread_in_native, id=2264, stack(0x000000417ac00000,0x000000417ad00000) (1024K)]
  0x00000241669b62e0 JavaThread "pool-2-thread-1"                   [_thread_blocked, id=3720, stack(0x000000417ad00000,0x000000417ae00000) (1024K)]
  0x00000241669b6970 JavaThread "WorkspaceEventsHandler"            [_thread_blocked, id=14804, stack(0x000000417ae00000,0x000000417af00000) (1024K)]
  0x00000241669b7690 JavaThread "pool-1-thread-1"                   [_thread_blocked, id=13172, stack(0x000000417af00000,0x000000417b000000) (1024K)]
  0x00000241669b27d0 JavaThread "Timer-0"                           [_thread_blocked, id=14160, stack(0x000000417b200000,0x000000417b300000) (1024K)]
  0x0000024166cc7eb0 JavaThread "Connection worker"                 [_thread_in_native, id=4180, stack(0x000000417b300000,0x000000417b400000) (1024K)]
Total: 42

Other Threads:
  0x000002415eb72850 VMThread "VM Thread"                           [id=15228, stack(0x0000004178100000,0x0000004178200000) (1024K)]
  0x000002414819aba0 WatcherThread "VM Periodic Task Thread"        [id=8048, stack(0x0000004178000000,0x0000004178100000) (1024K)]
  0x000002414814d400 WorkerThread "GC Thread#0"                     [id=11072, stack(0x0000004177f00000,0x0000004178000000) (1024K)]
  0x00000241653d0ae0 WorkerThread "GC Thread#1"                     [id=13700, stack(0x0000004178d00000,0x0000004178e00000) (1024K)]
  0x00000241652c98a0 WorkerThread "GC Thread#2"                     [id=5632, stack(0x0000004178e00000,0x0000004178f00000) (1024K)]
  0x00000241652c9c40 WorkerThread "GC Thread#3"                     [id=5896, stack(0x0000004178f00000,0x0000004179000000) (1024K)]
  0x000002416080f8d0 WorkerThread "GC Thread#4"                     [id=15972, stack(0x0000004179000000,0x0000004179100000) (1024K)]
  0x000002416080fc70 WorkerThread "GC Thread#5"                     [id=4956, stack(0x0000004179100000,0x0000004179200000) (1024K)]
  0x00000241652ce150 WorkerThread "GC Thread#6"                     [id=5472, stack(0x0000004179200000,0x0000004179300000) (1024K)]
  0x0000024165634df0 WorkerThread "GC Thread#7"                     [id=6964, stack(0x0000004179300000,0x0000004179400000) (1024K)]
Total: 10

Threads with active compile tasks:
C2 CompilerThread0  104815 8632       4       org.eclipse.jdt.internal.core.util.Util::quickSort (107 bytes)
C1 CompilerThread0  104815 8636 %     3       org.eclipse.jdt.internal.core.index.DiskIndex::writeAllDocumentNames @ 251 (512 bytes)
Total: 2

VM state: not at safepoint (normal execution)

VM Mutex/Monitor currently owned by a thread:  ([mutex/lock_event])
[0x00007ffde2aece88] MethodCompileQueue_lock - owner thread: 0x000002416049c350
[0x00007ffde2aee208] CodeCache_lock - owner thread: 0x000002416049c350
[0x00007ffde2aee388] Compile_lock - owner thread: 0x000002416049c350

Heap address: 0x0000000080000000, size: 2048 MB, Compressed Oops mode: 32-bit

CDS archive(s) mapped at: [0x0000024100000000-0x0000024100ba0000-0x0000024100ba0000), size 12189696, SharedBaseAddress: 0x0000024100000000, ArchiveRelocationMode: 1.
Compressed class space mapped at: 0x0000024101000000-0x0000024141000000, reserved size: 1073741824
Narrow klass base: 0x0000024100000000, Narrow klass shift: 0, Narrow klass range: 0x100000000

GC Precious Log:
 CardTable entry size: 512
 CPUs: 8 total, 8 available
 Memory: 7879M
 Large Page Support: Disabled
 NUMA Support: Disabled
 Compressed Oops: Enabled (32-bit)
 Alignments: Space 512K, Generation 512K, Heap 2M
 Heap Min Capacity: 100M
 Heap Initial Capacity: 100M
 Heap Max Capacity: 2G
 Pre-touch: Disabled
 Parallel Workers: 8

Heap:
 PSYoungGen      total 6144K, used 4589K [0x00000000d5580000, 0x00000000d5f00000, 0x0000000100000000)
  eden space 4608K, 69% used [0x00000000d5580000,0x00000000d58a1580,0x00000000d5a00000)
  from space 1536K, 90% used [0x00000000d5d80000,0x00000000d5ed9fe8,0x00000000d5f00000)
  to   space 2048K, 0% used [0x00000000d5b00000,0x00000000d5b00000,0x00000000d5d00000)
 ParOldGen       total 284160K, used 279579K [0x0000000080000000, 0x0000000091580000, 0x00000000d5580000)
  object space 284160K, 98% used [0x0000000080000000,0x0000000091106f50,0x0000000091580000)
 Metaspace       used 59545K, committed 60736K, reserved 1114112K
  class space    used 6563K, committed 7040K, reserved 1048576K

Card table byte_map: [0x0000024147ae0000,0x0000024147ef0000] _byte_map_base: 0x00000241476e0000

Marking Bits: (ParMarkBitMap*) 0x00007ffde2af31f0
 Begin Bits: [0x000002415a5d0000, 0x000002415c5d0000)
 End Bits:   [0x000002415c5d0000, 0x000002415e5d0000)

Polling page: 0x0000024146170000

Metaspace:

Usage:
  Non-class:     51.74 MB used.
      Class:      6.41 MB used.
       Both:     58.15 MB used.

Virtual space:
  Non-class space:       64.00 MB reserved,      52.44 MB ( 82%) committed,  1 nodes.
      Class space:        1.00 GB reserved,       6.88 MB ( <1%) committed,  1 nodes.
             Both:        1.06 GB reserved,      59.31 MB (  5%) committed. 

Chunk freelists:
   Non-Class:  11.17 MB
       Class:  9.00 MB
        Both:  20.17 MB

MaxMetaspaceSize: unlimited
CompressedClassSpaceSize: 1.00 GB
Initial GC threshold: 21.00 MB
Current GC threshold: 98.75 MB
CDS: on
 - commit_granule_bytes: 65536.
 - commit_granule_words: 8192.
 - virtual_space_node_default_size: 8388608.
 - enlarge_chunks_in_place: 1.
 - use_allocation_guard: 0.


Internal statistics:

num_allocs_failed_limit: 9.
num_arena_births: 948.
num_arena_deaths: 28.
num_vsnodes_births: 2.
num_vsnodes_deaths: 0.
num_space_committed: 949.
num_space_uncommitted: 0.
num_chunks_returned_to_freelist: 42.
num_chunks_taken_from_freelist: 3465.
num_chunk_merges: 12.
num_chunk_splits: 2131.
num_chunks_enlarged: 1238.
num_inconsistent_stats: 0.

CodeHeap 'non-profiled nmethods': size=120000Kb used=4302Kb max_used=5000Kb free=115697Kb
 bounds [0x0000024152df0000, 0x00000241532e0000, 0x000002415a320000]
CodeHeap 'profiled nmethods': size=120000Kb used=12473Kb max_used=15957Kb free=107526Kb
 bounds [0x000002414b320000, 0x000002414c2d0000, 0x0000024152850000]
CodeHeap 'non-nmethods': size=5760Kb used=1452Kb max_used=1521Kb free=4307Kb
 bounds [0x0000024152850000, 0x0000024152ac0000, 0x0000024152df0000]
 total_blobs=7598 nmethods=6846 adapters=658
 compilation: enabled
              stopped_count=0, restarted_count=0
 full_count=0

Compilation events (20 events):
Event: 103.255 Thread 0x000002416049c350 nmethod 8622 0x000002414bb3c010 code [0x000002414bb3c220, 0x000002414bb3c750]
Event: 103.302 Thread 0x000002416049c350 8623       3       java.util.concurrent.atomic.AtomicReference::getAndSet (9 bytes)
Event: 103.304 Thread 0x000002416049c350 nmethod 8623 0x000002414bcbb390 code [0x000002414bcbb620, 0x000002414bcbc260]
Event: 103.681 Thread 0x000002415eb9b040 8624       4       java.io.File::hashCode (8 bytes)
Event: 104.462 Thread 0x000002416049c350 8625       3       java.lang.StringBuffer::<init> (7 bytes)
Event: 104.463 Thread 0x000002416049c350 nmethod 8625 0x000002414b320410 code [0x000002414b3205c0, 0x000002414b320700]
Event: 104.464 Thread 0x000002415eb9b040 nmethod 8624 0x0000024152e43510 code [0x0000024152e43700, 0x0000024152e440d0]
Event: 104.464 Thread 0x000002415eb9b040 8626   !   4       java.util.AbstractList$Itr::next (46 bytes)
Event: 104.467 Thread 0x000002415eb9b040 nmethod 8626 0x0000024152e68310 code [0x0000024152e684c0, 0x0000024152e68630]
Event: 104.467 Thread 0x000002416049c350 8627       3       sun.net.www.protocol.jar.JarURLConnection::getUseCaches (8 bytes)
Event: 104.468 Thread 0x000002416049c350 nmethod 8627 0x000002414b401b90 code [0x000002414b401d40, 0x000002414b401f18]
Event: 104.601 Thread 0x000002415eb9b040 8628 %     4       org.eclipse.jdt.internal.compiler.util.SimpleLookupTable::rehash @ 23 (86 bytes)
Event: 104.634 Thread 0x000002416049c350 8629 %     3       org.eclipse.jdt.internal.core.index.DiskIndex::computeDocumentNames @ 101 (607 bytes)
Event: 104.635 Thread 0x000002415eb9b040 nmethod 8628% 0x0000024152e6dd10 code [0x0000024152e6df60, 0x0000024152e6ebe0]
Event: 104.639 Thread 0x000002416049c350 nmethod 8629% 0x000002414bfbaf90 code [0x000002414bfbb3e0, 0x000002414bfbdb18]
Event: 104.640 Thread 0x000002415eb9b040 8630 %     4       org.eclipse.jdt.internal.core.index.DiskIndex::computeDocumentNames @ 101 (607 bytes)
Event: 104.655 Thread 0x000002415eb9b040 nmethod 8630% 0x00000241530a4410 code [0x00000241530a45c0, 0x00000241530a4970]
Event: 104.655 Thread 0x000002415eb9b040 8631 %     4       org.eclipse.jdt.internal.core.util.Util::quickSort @ 19 (107 bytes)
Event: 104.704 Thread 0x000002415eb9b040 nmethod 8631% 0x00000241531ff010 code [0x00000241531ff260, 0x0000024153200fd8]
Event: 104.704 Thread 0x000002415eb9b040 8632       4       org.eclipse.jdt.internal.core.util.Util::quickSort (107 bytes)

GC Heap History (20 events):
Event: 103.660 GC heap before
{Heap before GC invocations=269 (full 3):
 PSYoungGen      total 3072K, used 3014K [0x00000000d5580000, 0x00000000d5980000, 0x0000000100000000)
  eden space 2048K, 100% used [0x00000000d5580000,0x00000000d5780000,0x00000000d5780000)
  from space 1024K, 94% used [0x00000000d5780000,0x00000000d5871bd8,0x00000000d5880000)
  to   space 1024K, 0% used [0x00000000d5880000,0x00000000d5880000,0x00000000d5980000)
 ParOldGen       total 283136K, used 282719K [0x0000000080000000, 0x0000000091480000, 0x00000000d5580000)
  object space 283136K, 99% used [0x0000000080000000,0x0000000091417cf8,0x0000000091480000)
 Metaspace       used 59537K, committed 60672K, reserved 1114112K
  class space    used 6563K, committed 7040K, reserved 1048576K
}
Event: 103.662 GC heap after
{Heap after GC invocations=269 (full 3):
 PSYoungGen      total 3072K, used 860K [0x00000000d5580000, 0x00000000d5980000, 0x0000000100000000)
  eden space 2048K, 0% used [0x00000000d5580000,0x00000000d5580000,0x00000000d5780000)
  from space 1024K, 84% used [0x00000000d5880000,0x00000000d5957370,0x00000000d5980000)
  to   space 1024K, 0% used [0x00000000d5780000,0x00000000d5780000,0x00000000d5880000)
 ParOldGen       total 283648K, used 283427K [0x0000000080000000, 0x0000000091500000, 0x00000000d5580000)
  object space 283648K, 99% used [0x0000000080000000,0x00000000914c8fa0,0x0000000091500000)
 Metaspace       used 59537K, committed 60672K, reserved 1114112K
  class space    used 6563K, committed 7040K, reserved 1048576K
}
Event: 103.693 GC heap before
{Heap before GC invocations=270 (full 3):
 PSYoungGen      total 3072K, used 2898K [0x00000000d5580000, 0x00000000d5980000, 0x0000000100000000)
  eden space 2048K, 99% used [0x00000000d5580000,0x00000000d577d508,0x00000000d5780000)
  from space 1024K, 84% used [0x00000000d5880000,0x00000000d5957370,0x00000000d5980000)
  to   space 1024K, 0% used [0x00000000d5780000,0x00000000d5780000,0x00000000d5880000)
 ParOldGen       total 283648K, used 283427K [0x0000000080000000, 0x0000000091500000, 0x00000000d5580000)
  object space 283648K, 99% used [0x0000000080000000,0x00000000914c8fa0,0x0000000091500000)
 Metaspace       used 59537K, committed 60672K, reserved 1114112K
  class space    used 6563K, committed 7040K, reserved 1048576K
}
Event: 103.698 GC heap after
{Heap after GC invocations=270 (full 3):
 PSYoungGen      total 3072K, used 2898K [0x00000000d5580000, 0x00000000d5980000, 0x0000000100000000)
  eden space 2048K, 99% used [0x00000000d5580000,0x00000000d577d508,0x00000000d5780000)
  from space 1024K, 84% used [0x00000000d5880000,0x00000000d5957370,0x00000000d5980000)
  to   space 1024K, 65% used [0x00000000d5780000,0x00000000d5827708,0x00000000d5880000)
 ParOldGen       total 284160K, used 283718K [0x0000000080000000, 0x0000000091580000, 0x00000000d5580000)
  object space 284160K, 99% used [0x0000000080000000,0x0000000091511818,0x0000000091580000)
 Metaspace       used 59537K, committed 60672K, reserved 1114112K
  class space    used 6563K, committed 7040K, reserved 1048576K
}
Event: 103.698 GC heap before
{Heap before GC invocations=271 (full 4):
 PSYoungGen      total 3072K, used 2898K [0x00000000d5580000, 0x00000000d5980000, 0x0000000100000000)
  eden space 2048K, 99% used [0x00000000d5580000,0x00000000d577d508,0x00000000d5780000)
  from space 1024K, 84% used [0x00000000d5880000,0x00000000d5957370,0x00000000d5980000)
  to   space 1024K, 65% used [0x00000000d5780000,0x00000000d5827708,0x00000000d5880000)
 ParOldGen       total 284160K, used 283718K [0x0000000080000000, 0x0000000091580000, 0x00000000d5580000)
  object space 284160K, 99% used [0x0000000080000000,0x0000000091511818,0x0000000091580000)
 Metaspace       used 59537K, committed 60672K, reserved 1114112K
  class space    used 6563K, committed 7040K, reserved 1048576K
}
Event: 104.462 GC heap after
{Heap after GC invocations=271 (full 4):
 PSYoungGen      total 3072K, used 0K [0x00000000d5580000, 0x00000000d5a00000, 0x0000000100000000)
  eden space 2048K, 0% used [0x00000000d5580000,0x00000000d5580000,0x00000000d5780000)
  from space 1024K, 0% used [0x00000000d5780000,0x00000000d5780000,0x00000000d5880000)
  to   space 1024K, 0% used [0x00000000d5900000,0x00000000d5900000,0x00000000d5a00000)
 ParOldGen       total 284160K, used 272807K [0x0000000080000000, 0x0000000091580000, 0x00000000d5580000)
  object space 284160K, 96% used [0x0000000080000000,0x0000000090a69f00,0x0000000091580000)
 Metaspace       used 59537K, committed 60672K, reserved 1114112K
  class space    used 6563K, committed 7040K, reserved 1048576K
}
Event: 104.468 GC heap before
{Heap before GC invocations=272 (full 4):
 PSYoungGen      total 3072K, used 2044K [0x00000000d5580000, 0x00000000d5a00000, 0x0000000100000000)
  eden space 2048K, 99% used [0x00000000d5580000,0x00000000d577f1e8,0x00000000d5780000)
  from space 1024K, 0% used [0x00000000d5780000,0x00000000d5780000,0x00000000d5880000)
  to   space 1024K, 0% used [0x00000000d5900000,0x00000000d5900000,0x00000000d5a00000)
 ParOldGen       total 284160K, used 272807K [0x0000000080000000, 0x0000000091580000, 0x00000000d5580000)
  object space 284160K, 96% used [0x0000000080000000,0x0000000090a69f00,0x0000000091580000)
 Metaspace       used 59538K, committed 60672K, reserved 1114112K
  class space    used 6563K, committed 7040K, reserved 1048576K
}
Event: 104.469 GC heap after
{Heap after GC invocations=272 (full 4):
 PSYoungGen      total 3584K, used 719K [0x00000000d5580000, 0x00000000d5a00000, 0x0000000100000000)
  eden space 2560K, 0% used [0x00000000d5580000,0x00000000d5580000,0x00000000d5800000)
  from space 1024K, 70% used [0x00000000d5900000,0x00000000d59b3c88,0x00000000d5a00000)
  to   space 1024K, 0% used [0x00000000d5800000,0x00000000d5800000,0x00000000d5900000)
 ParOldGen       total 284160K, used 272807K [0x0000000080000000, 0x0000000091580000, 0x00000000d5580000)
  object space 284160K, 96% used [0x0000000080000000,0x0000000090a69f00,0x0000000091580000)
 Metaspace       used 59538K, committed 60672K, reserved 1114112K
  class space    used 6563K, committed 7040K, reserved 1048576K
}
Event: 104.486 GC heap before
{Heap before GC invocations=273 (full 4):
 PSYoungGen      total 3584K, used 3213K [0x00000000d5580000, 0x00000000d5a00000, 0x0000000100000000)
  eden space 2560K, 97% used [0x00000000d5580000,0x00000000d57ef888,0x00000000d5800000)
  from space 1024K, 70% used [0x00000000d5900000,0x00000000d59b3c88,0x00000000d5a00000)
  to   space 1024K, 0% used [0x00000000d5800000,0x00000000d5800000,0x00000000d5900000)
 ParOldGen       total 284160K, used 272807K [0x0000000080000000, 0x0000000091580000, 0x00000000d5580000)
  object space 284160K, 96% used [0x0000000080000000,0x0000000090a69f00,0x0000000091580000)
 Metaspace       used 59538K, committed 60672K, reserved 1114112K
  class space    used 6563K, committed 7040K, reserved 1048576K
}
Event: 104.487 GC heap after
{Heap after GC invocations=273 (full 4):
 PSYoungGen      total 3584K, used 1022K [0x00000000d5580000, 0x00000000d5c80000, 0x0000000100000000)
  eden space 2560K, 0% used [0x00000000d5580000,0x00000000d5580000,0x00000000d5800000)
  from space 1024K, 99% used [0x00000000d5800000,0x00000000d58ffbd0,0x00000000d5900000)
  to   space 2048K, 0% used [0x00000000d5a80000,0x00000000d5a80000,0x00000000d5c80000)
 ParOldGen       total 284160K, used 273354K [0x0000000080000000, 0x0000000091580000, 0x00000000d5580000)
  object space 284160K, 96% used [0x0000000080000000,0x0000000090af2b10,0x0000000091580000)
 Metaspace       used 59538K, committed 60672K, reserved 1114112K
  class space    used 6563K, committed 7040K, reserved 1048576K
}
Event: 104.518 GC heap before
{Heap before GC invocations=274 (full 4):
 PSYoungGen      total 3584K, used 3531K [0x00000000d5580000, 0x00000000d5c80000, 0x0000000100000000)
  eden space 2560K, 97% used [0x00000000d5580000,0x00000000d57f31c8,0x00000000d5800000)
  from space 1024K, 99% used [0x00000000d5800000,0x00000000d58ffbd0,0x00000000d5900000)
  to   space 2048K, 0% used [0x00000000d5a80000,0x00000000d5a80000,0x00000000d5c80000)
 ParOldGen       total 284160K, used 273354K [0x0000000080000000, 0x0000000091580000, 0x00000000d5580000)
  object space 284160K, 96% used [0x0000000080000000,0x0000000090af2b10,0x0000000091580000)
 Metaspace       used 59538K, committed 60672K, reserved 1114112K
  class space    used 6563K, committed 7040K, reserved 1048576K
}
Event: 104.520 GC heap after
{Heap after GC invocations=274 (full 4):
 PSYoungGen      total 4608K, used 1274K [0x00000000d5580000, 0x00000000d5c00000, 0x0000000100000000)
  eden space 3072K, 0% used [0x00000000d5580000,0x00000000d5580000,0x00000000d5880000)
  from space 1536K, 82% used [0x00000000d5a80000,0x00000000d5bbead8,0x00000000d5c00000)
  to   space 1536K, 0% used [0x00000000d5900000,0x00000000d5900000,0x00000000d5a80000)
 ParOldGen       total 284160K, used 274278K [0x0000000080000000, 0x0000000091580000, 0x00000000d5580000)
  object space 284160K, 96% used [0x0000000080000000,0x0000000090bd9878,0x0000000091580000)
 Metaspace       used 59538K, committed 60672K, reserved 1114112K
  class space    used 6563K, committed 7040K, reserved 1048576K
}
Event: 104.542 GC heap before
{Heap before GC invocations=275 (full 4):
 PSYoungGen      total 4608K, used 4346K [0x00000000d5580000, 0x00000000d5c00000, 0x0000000100000000)
  eden space 3072K, 100% used [0x00000000d5580000,0x00000000d5880000,0x00000000d5880000)
  from space 1536K, 82% used [0x00000000d5a80000,0x00000000d5bbead8,0x00000000d5c00000)
  to   space 1536K, 0% used [0x00000000d5900000,0x00000000d5900000,0x00000000d5a80000)
 ParOldGen       total 284160K, used 274278K [0x0000000080000000, 0x0000000091580000, 0x00000000d5580000)
  object space 284160K, 96% used [0x0000000080000000,0x0000000090bd9878,0x0000000091580000)
 Metaspace       used 59538K, committed 60672K, reserved 1114112K
  class space    used 6563K, committed 7040K, reserved 1048576K
}
Event: 104.545 GC heap after
{Heap after GC invocations=275 (full 4):
 PSYoungGen      total 5120K, used 1533K [0x00000000d5580000, 0x00000000d5f00000, 0x0000000100000000)
  eden space 3584K, 0% used [0x00000000d5580000,0x00000000d5580000,0x00000000d5900000)
  from space 1536K, 99% used [0x00000000d5900000,0x00000000d5a7f5a0,0x00000000d5a80000)
  to   space 3072K, 0% used [0x00000000d5c00000,0x00000000d5c00000,0x00000000d5f00000)
 ParOldGen       total 284160K, used 275215K [0x0000000080000000, 0x0000000091580000, 0x00000000d5580000)
  object space 284160K, 96% used [0x0000000080000000,0x0000000090cc3d28,0x0000000091580000)
 Metaspace       used 59538K, committed 60672K, reserved 1114112K
  class space    used 6563K, committed 7040K, reserved 1048576K
}
Event: 104.559 GC heap before
{Heap before GC invocations=276 (full 4):
 PSYoungGen      total 5120K, used 5117K [0x00000000d5580000, 0x00000000d5f00000, 0x0000000100000000)
  eden space 3584K, 100% used [0x00000000d5580000,0x00000000d5900000,0x00000000d5900000)
  from space 1536K, 99% used [0x00000000d5900000,0x00000000d5a7f5a0,0x00000000d5a80000)
  to   space 3072K, 0% used [0x00000000d5c00000,0x00000000d5c00000,0x00000000d5f00000)
 ParOldGen       total 284160K, used 275215K [0x0000000080000000, 0x0000000091580000, 0x00000000d5580000)
  object space 284160K, 96% used [0x0000000080000000,0x0000000090cc3d28,0x0000000091580000)
 Metaspace       used 59538K, committed 60672K, reserved 1114112K
  class space    used 6563K, committed 7040K, reserved 1048576K
}
Event: 104.562 GC heap after
{Heap after GC invocations=276 (full 4):
 PSYoungGen      total 5632K, used 1525K [0x00000000d5580000, 0x00000000d5d80000, 0x0000000100000000)
  eden space 4096K, 0% used [0x00000000d5580000,0x00000000d5580000,0x00000000d5980000)
  from space 1536K, 99% used [0x00000000d5c00000,0x00000000d5d7d6f8,0x00000000d5d80000)
  to   space 2048K, 0% used [0x00000000d5980000,0x00000000d5980000,0x00000000d5b80000)
 ParOldGen       total 284160K, used 276640K [0x0000000080000000, 0x0000000091580000, 0x00000000d5580000)
  object space 284160K, 97% used [0x0000000080000000,0x0000000090e28010,0x0000000091580000)
 Metaspace       used 59538K, committed 60672K, reserved 1114112K
  class space    used 6563K, committed 7040K, reserved 1048576K
}
Event: 104.579 GC heap before
{Heap before GC invocations=277 (full 4):
 PSYoungGen      total 5632K, used 5621K [0x00000000d5580000, 0x00000000d5d80000, 0x0000000100000000)
  eden space 4096K, 100% used [0x00000000d5580000,0x00000000d5980000,0x00000000d5980000)
  from space 1536K, 99% used [0x00000000d5c00000,0x00000000d5d7d6f8,0x00000000d5d80000)
  to   space 2048K, 0% used [0x00000000d5980000,0x00000000d5980000,0x00000000d5b80000)
 ParOldGen       total 284160K, used 276640K [0x0000000080000000, 0x0000000091580000, 0x00000000d5580000)
  object space 284160K, 97% used [0x0000000080000000,0x0000000090e28010,0x0000000091580000)
 Metaspace       used 59538K, committed 60672K, reserved 1114112K
  class space    used 6563K, committed 7040K, reserved 1048576K
}
Event: 104.581 GC heap after
{Heap after GC invocations=277 (full 4):
 PSYoungGen      total 6144K, used 2026K [0x00000000d5580000, 0x00000000d6100000, 0x0000000100000000)
  eden space 4096K, 0% used [0x00000000d5580000,0x00000000d5580000,0x00000000d5980000)
  from space 2048K, 98% used [0x00000000d5980000,0x00000000d5b7abb8,0x00000000d5b80000)
  to   space 3584K, 0% used [0x00000000d5d80000,0x00000000d5d80000,0x00000000d6100000)
 ParOldGen       total 284160K, used 277657K [0x0000000080000000, 0x0000000091580000, 0x00000000d5580000)
  object space 284160K, 97% used [0x0000000080000000,0x0000000090f264a0,0x0000000091580000)
 Metaspace       used 59538K, committed 60672K, reserved 1114112K
  class space    used 6563K, committed 7040K, reserved 1048576K
}
Event: 104.596 GC heap before
{Heap before GC invocations=278 (full 4):
 PSYoungGen      total 6144K, used 6090K [0x00000000d5580000, 0x00000000d6100000, 0x0000000100000000)
  eden space 4096K, 99% used [0x00000000d5580000,0x00000000d5977d98,0x00000000d5980000)
  from space 2048K, 98% used [0x00000000d5980000,0x00000000d5b7abb8,0x00000000d5b80000)
  to   space 3584K, 0% used [0x00000000d5d80000,0x00000000d5d80000,0x00000000d6100000)
 ParOldGen       total 284160K, used 277657K [0x0000000080000000, 0x0000000091580000, 0x00000000d5580000)
  object space 284160K, 97% used [0x0000000080000000,0x0000000090f264a0,0x0000000091580000)
 Metaspace       used 59538K, committed 60672K, reserved 1114112K
  class space    used 6563K, committed 7040K, reserved 1048576K
}
Event: 104.598 GC heap after
{Heap after GC invocations=278 (full 4):
 PSYoungGen      total 6144K, used 1383K [0x00000000d5580000, 0x00000000d5f00000, 0x0000000100000000)
  eden space 4608K, 0% used [0x00000000d5580000,0x00000000d5580000,0x00000000d5a00000)
  from space 1536K, 90% used [0x00000000d5d80000,0x00000000d5ed9fe8,0x00000000d5f00000)
  to   space 2048K, 0% used [0x00000000d5b00000,0x00000000d5b00000,0x00000000d5d00000)
 ParOldGen       total 284160K, used 279579K [0x0000000080000000, 0x0000000091580000, 0x00000000d5580000)
  object space 284160K, 98% used [0x0000000080000000,0x0000000091106f50,0x0000000091580000)
 Metaspace       used 59538K, committed 60672K, reserved 1114112K
  class space    used 6563K, committed 7040K, reserved 1048576K
}

Dll operation events (13 events):
Event: 0.085 Loaded shared library c:\Users\hp\.vscode\extensions\redhat.java-1.43.1-win32-x64\jre\21.0.7-win32-x86_64\bin\java.dll
Event: 0.736 Loaded shared library c:\Users\hp\.vscode\extensions\redhat.java-1.43.1-win32-x64\jre\21.0.7-win32-x86_64\bin\zip.dll
Event: 0.945 Loaded shared library C:\Users\hp\.vscode\extensions\redhat.java-1.43.1-win32-x64\jre\21.0.7-win32-x86_64\bin\instrument.dll
Event: 0.969 Loaded shared library C:\Users\hp\.vscode\extensions\redhat.java-1.43.1-win32-x64\jre\21.0.7-win32-x86_64\bin\net.dll
Event: 0.978 Loaded shared library C:\Users\hp\.vscode\extensions\redhat.java-1.43.1-win32-x64\jre\21.0.7-win32-x86_64\bin\nio.dll
Event: 0.984 Loaded shared library C:\Users\hp\.vscode\extensions\redhat.java-1.43.1-win32-x64\jre\21.0.7-win32-x86_64\bin\zip.dll
Event: 1.115 Loaded shared library C:\Users\hp\.vscode\extensions\redhat.java-1.43.1-win32-x64\jre\21.0.7-win32-x86_64\bin\jimage.dll
Event: 1.607 Loaded shared library c:\Users\hp\.vscode\extensions\redhat.java-1.43.1-win32-x64\jre\21.0.7-win32-x86_64\bin\verify.dll
Event: 24.551 Loaded shared library C:\Users\hp\AppData\Roaming\Code\User\globalStorage\redhat.java\1.43.1\config_win\org.eclipse.equinox.launcher\org.eclipse.equinox.launcher.win32.win32.x86_64_1.2.1300.v20250331-1702\eclipse_11911.dll
Event: 54.686 Loaded shared library C:\Users\hp\AppData\Local\Temp\jna-3336\jna2353375566026060518.dll
Event: 62.409 Loaded shared library C:\Users\hp\.vscode\extensions\redhat.java-1.43.1-win32-x64\jre\21.0.7-win32-x86_64\bin\sunmscapi.dll
Event: 63.857 Loaded shared library C:\Users\hp\.vscode\extensions\redhat.java-1.43.1-win32-x64\jre\21.0.7-win32-x86_64\bin\extnet.dll
Event: 99.807 Loaded shared library C:\Users\hp\.gradle\native\c067742578af261105cb4f569cf0c3c89f3d7b1fecec35dd04571415982c5e48\windows-amd64\native-platform.dll

Deoptimization events (20 events):
Event: 102.347 Thread 0x00000241650d5eb0 Uncommon trap: trap_request=0xffffff45 fr.pc=0x000002415326ee90 relative=0x0000000000003050
Event: 102.347 Thread 0x00000241650d5eb0 Uncommon trap: reason=unstable_if action=reinterpret pc=0x000002415326ee90 method=org.eclipse.jdt.internal.compiler.util.Util.isClassFileName(Ljava/lang/String;)Z @ 20 c2
Event: 102.347 Thread 0x00000241650d5eb0 DEOPT PACKING pc=0x000002415326ee90 sp=0x000000417a0ff0c0
Event: 102.347 Thread 0x00000241650d5eb0 DEOPT UNPACKING pc=0x00000241528a6da2 sp=0x000000417a0ff018 mode 2
Event: 102.530 Thread 0x00000241650d5eb0 Uncommon trap: trap_request=0xffffff45 fr.pc=0x00000241532cb5c4 relative=0x0000000000000f04
Event: 102.530 Thread 0x00000241650d5eb0 Uncommon trap: reason=unstable_if action=reinterpret pc=0x00000241532cb5c4 method=org.eclipse.jdt.internal.compiler.classfmt.AnnotationInfo.scanAnnotation(IZZ)I @ 209 c2
Event: 102.531 Thread 0x00000241650d5eb0 DEOPT PACKING pc=0x00000241532cb5c4 sp=0x000000417a0feb40
Event: 102.531 Thread 0x00000241650d5eb0 DEOPT UNPACKING pc=0x00000241528a6da2 sp=0x000000417a0fead8 mode 2
Event: 102.629 Thread 0x00000241650d5eb0 Uncommon trap: trap_request=0xffffff45 fr.pc=0x0000024153191b1c relative=0x000000000000007c
Event: 102.629 Thread 0x00000241650d5eb0 Uncommon trap: reason=unstable_if action=reinterpret pc=0x0000024153191b1c method=org.eclipse.jdt.internal.compiler.ast.TypeDeclaration.kind(I)I @ 5 c2
Event: 102.629 Thread 0x00000241650d5eb0 DEOPT PACKING pc=0x0000024153191b1c sp=0x000000417a0fed40
Event: 102.629 Thread 0x00000241650d5eb0 DEOPT UNPACKING pc=0x00000241528a6da2 sp=0x000000417a0fecc8 mode 2
Event: 102.852 Thread 0x00000241650d5eb0 Uncommon trap: trap_request=0xffffff45 fr.pc=0x00000241532cdc48 relative=0x0000000000001468
Event: 102.852 Thread 0x00000241650d5eb0 Uncommon trap: reason=unstable_if action=reinterpret pc=0x00000241532cdc48 method=org.eclipse.jdt.internal.compiler.parser.Scanner.internalScanIdentifierOrKeyword(II[C)Lorg/eclipse/jdt/internal/compiler/parser/TerminalToken; @ 117 c2
Event: 102.852 Thread 0x00000241650d5eb0 DEOPT PACKING pc=0x00000241532cdc48 sp=0x000000417a0fedc0
Event: 102.852 Thread 0x00000241650d5eb0 DEOPT UNPACKING pc=0x00000241528a6da2 sp=0x000000417a0fed58 mode 2
Event: 103.681 Thread 0x0000024166cc7eb0 Uncommon trap: trap_request=0xffffffde fr.pc=0x0000024153152430 relative=0x0000000000000e30
Event: 103.682 Thread 0x0000024166cc7eb0 Uncommon trap: reason=class_check action=maybe_recompile pc=0x0000024153152430 method=java.util.HashMap.putVal(ILjava/lang/Object;Ljava/lang/Object;ZZ)Ljava/lang/Object; @ 203 c2
Event: 103.682 Thread 0x0000024166cc7eb0 DEOPT PACKING pc=0x0000024153152430 sp=0x000000417b3fd050
Event: 103.682 Thread 0x0000024166cc7eb0 DEOPT UNPACKING pc=0x00000241528a6da2 sp=0x000000417b3fced8 mode 2

Classes loaded (20 events):
Event: 70.441 Loading class java/util/stream/Streams$1
Event: 70.442 Loading class java/util/stream/Streams$1 done
Event: 70.447 Loading class java/nio/file/FileChannelLinesSpliterator$1
Event: 70.448 Loading class java/nio/file/FileChannelLinesSpliterator$1 done
Event: 70.901 Loading class java/util/concurrent/CopyOnWriteArraySet
Event: 70.901 Loading class java/util/concurrent/CopyOnWriteArraySet done
Event: 71.006 Loading class java/util/concurrent/ArrayBlockingQueue
Event: 71.007 Loading class java/util/concurrent/ArrayBlockingQueue done
Event: 71.250 Loading class java/io/FileFilter
Event: 71.250 Loading class java/io/FileFilter done
Event: 71.333 Loading class java/util/concurrent/ConcurrentHashMap$ValueSpliterator
Event: 71.334 Loading class java/util/concurrent/ConcurrentHashMap$ValueSpliterator done
Event: 71.337 Loading class jdk/internal/loader/BootLoader$PackageHelper
Event: 71.338 Loading class jdk/internal/loader/BootLoader$PackageHelper done
Event: 76.042 Loading class sun/security/ssl/Alert
Event: 76.043 Loading class sun/security/ssl/Alert done
Event: 76.044 Loading class sun/security/ssl/Alert$AlertConsumer
Event: 76.045 Loading class sun/security/ssl/Alert$AlertConsumer done
Event: 76.045 Loading class sun/security/ssl/Alert$Level
Event: 76.045 Loading class sun/security/ssl/Alert$Level done

Classes unloaded (14 events):
Event: 56.227 Thread 0x000002415eb72850 Unloading class 0x00000241011a3000 'java/lang/invoke/LambdaForm$MH+0x00000241011a3000'
Event: 56.227 Thread 0x000002415eb72850 Unloading class 0x00000241011a2c00 'java/lang/invoke/LambdaForm$MH+0x00000241011a2c00'
Event: 56.227 Thread 0x000002415eb72850 Unloading class 0x00000241011a2800 'java/lang/invoke/LambdaForm$MH+0x00000241011a2800'
Event: 56.227 Thread 0x000002415eb72850 Unloading class 0x00000241011a2400 'java/lang/invoke/LambdaForm$MH+0x00000241011a2400'
Event: 56.227 Thread 0x000002415eb72850 Unloading class 0x00000241011a2000 'java/lang/invoke/LambdaForm$BMH+0x00000241011a2000'
Event: 56.227 Thread 0x000002415eb72850 Unloading class 0x00000241011a1c00 'java/lang/invoke/LambdaForm$DMH+0x00000241011a1c00'
Event: 56.227 Thread 0x000002415eb72850 Unloading class 0x00000241011a0800 'java/lang/invoke/LambdaForm$DMH+0x00000241011a0800'
Event: 61.854 Thread 0x000002415eb72850 Unloading class 0x00000241012b7400 'java/lang/invoke/LambdaForm$MH+0x00000241012b7400'
Event: 61.854 Thread 0x000002415eb72850 Unloading class 0x00000241012b2c00 'java/lang/invoke/LambdaForm$MH+0x00000241012b2c00'
Event: 61.854 Thread 0x000002415eb72850 Unloading class 0x00000241012b2800 'java/lang/invoke/LambdaForm$MH+0x00000241012b2800'
Event: 61.854 Thread 0x000002415eb72850 Unloading class 0x00000241012b1c00 'java/lang/invoke/LambdaForm$MH+0x00000241012b1c00'
Event: 61.854 Thread 0x000002415eb72850 Unloading class 0x00000241012b1800 'java/lang/invoke/LambdaForm$MH+0x00000241012b1800'
Event: 61.854 Thread 0x000002415eb72850 Unloading class 0x00000241012b0c00 'java/lang/invoke/LambdaForm$MH+0x00000241012b0c00'
Event: 61.854 Thread 0x000002415eb72850 Unloading class 0x00000241012b0400 'java/lang/invoke/LambdaForm$MH+0x00000241012b0400'

Classes redefined (0 events):
No events

Internal exceptions (20 events):
Event: 70.376 Thread 0x00000241650d7260 Exception <a 'sun/nio/fs/WindowsException'{0x00000000d5c7c398}> (0x00000000d5c7c398) 
thrown [s\src\hotspot\share\prims\jni.cpp, line 520]
Event: 70.376 Thread 0x00000241650d7260 Exception <a 'sun/nio/fs/WindowsException'{0x00000000d5c7ca48}> (0x00000000d5c7ca48) 
thrown [s\src\hotspot\share\prims\jni.cpp, line 520]
Event: 70.376 Thread 0x00000241650d7260 Exception <a 'sun/nio/fs/WindowsException'{0x00000000d5c7d0f8}> (0x00000000d5c7d0f8) 
thrown [s\src\hotspot\share\prims\jni.cpp, line 520]
Event: 70.376 Thread 0x00000241650d7260 Exception <a 'sun/nio/fs/WindowsException'{0x00000000d5c7d7c0}> (0x00000000d5c7d7c0) 
thrown [s\src\hotspot\share\prims\jni.cpp, line 520]
Event: 70.377 Thread 0x00000241650d7260 Exception <a 'sun/nio/fs/WindowsException'{0x00000000d5c81758}> (0x00000000d5c81758) 
thrown [s\src\hotspot\share\prims\jni.cpp, line 520]
Event: 70.377 Thread 0x00000241650d7260 Exception <a 'sun/nio/fs/WindowsException'{0x00000000d5c81e38}> (0x00000000d5c81e38) 
thrown [s\src\hotspot\share\prims\jni.cpp, line 520]
Event: 70.377 Thread 0x00000241650d7260 Exception <a 'sun/nio/fs/WindowsException'{0x00000000d5c82518}> (0x00000000d5c82518) 
thrown [s\src\hotspot\share\prims\jni.cpp, line 520]
Event: 70.377 Thread 0x00000241650d7260 Exception <a 'sun/nio/fs/WindowsException'{0x00000000d5c82c10}> (0x00000000d5c82c10) 
thrown [s\src\hotspot\share\prims\jni.cpp, line 520]
Event: 70.381 Thread 0x00000241650d7260 Exception <a 'sun/nio/fs/WindowsException'{0x00000000d5c87530}> (0x00000000d5c87530) 
thrown [s\src\hotspot\share\prims\jni.cpp, line 520]
Event: 70.381 Thread 0x00000241650d7260 Exception <a 'sun/nio/fs/WindowsException'{0x00000000d5c87c10}> (0x00000000d5c87c10) 
thrown [s\src\hotspot\share\prims\jni.cpp, line 520]
Event: 70.381 Thread 0x00000241650d7260 Exception <a 'sun/nio/fs/WindowsException'{0x00000000d5c882f0}> (0x00000000d5c882f0) 
thrown [s\src\hotspot\share\prims\jni.cpp, line 520]
Event: 70.382 Thread 0x00000241650d7260 Exception <a 'sun/nio/fs/WindowsException'{0x00000000d5c889e8}> (0x00000000d5c889e8) 
thrown [s\src\hotspot\share\prims\jni.cpp, line 520]
Event: 70.383 Thread 0x00000241650d7260 Exception <a 'sun/nio/fs/WindowsException'{0x00000000d5cc2a50}> (0x00000000d5cc2a50) 
thrown [s\src\hotspot\share\prims\jni.cpp, line 520]
Event: 70.383 Thread 0x00000241650d7260 Exception <a 'sun/nio/fs/WindowsException'{0x00000000d5cc3070}> (0x00000000d5cc3070) 
thrown [s\src\hotspot\share\prims\jni.cpp, line 520]
Event: 70.383 Thread 0x00000241650d7260 Exception <a 'sun/nio/fs/WindowsException'{0x00000000d5cc3690}> (0x00000000d5cc3690) 
thrown [s\src\hotspot\share\prims\jni.cpp, line 520]
Event: 70.383 Thread 0x00000241650d7260 Exception <a 'sun/nio/fs/WindowsException'{0x00000000d5cc3cc8}> (0x00000000d5cc3cc8) 
thrown [s\src\hotspot\share\prims\jni.cpp, line 520]
Event: 70.906 Thread 0x00000241650d7260 Exception <a 'java/lang/NoSuchMethodError'{0x00000000d5e53d18}: 'java.lang.Object java.lang.invoke.DirectMethodHandle$Holder.invokeVirtual(java.lang.Object, java.lang.Object, java.lang.Object, java.lang.Object)'> (0x00000000d5e53d18) 
thrown [s\src\hotspot\share\interpreter\linkResolver.cpp, line 773]
Event: 70.913 Thread 0x00000241650d7260 Exception <a 'java/lang/NoSuchMethodError'{0x00000000d5e76af0}: 'java.lang.Object java.lang.invoke.DirectMethodHandle$Holder.invokeVirtual(java.lang.Object, java.lang.Object, java.lang.Object, java.lang.Object, java.lang.Object)'> (0x00000000d5e76af0) 
thrown [s\src\hotspot\share\interpreter\linkResolver.cpp, line 773]
Event: 78.740 Thread 0x00000241650d5eb0 Implicit null exception at 0x00000241531b7a4b to 0x00000241531bcd20
Event: 99.556 Thread 0x0000024166cc7eb0 Exception <a 'java/lang/NoSuchMethodError'{0x00000000d56674d8}: 'java.lang.Object java.lang.invoke.DirectMethodHandle$Holder.invokeVirtual(java.lang.Object, java.lang.Object, java.lang.Object, java.lang.Object, java.lang.Object, java.lang.Object, java.lang.Object)'> (0x00000000d56674d8) 
thrown [s\src\hotspot\share\interpreter\linkResolver.cpp, line 773]

ZGC Phase Switch (0 events):
No events

VM Operations (20 events):
Event: 103.643 Executing VM operation: ParallelGCFailedAllocation (Allocation Failure)
Event: 103.646 Executing VM operation: ParallelGCFailedAllocation (Allocation Failure) done
Event: 103.660 Executing VM operation: ParallelGCFailedAllocation (Allocation Failure)
Event: 103.662 Executing VM operation: ParallelGCFailedAllocation (Allocation Failure) done
Event: 103.693 Executing VM operation: ParallelGCFailedAllocation (Allocation Failure)
Event: 104.462 Executing VM operation: ParallelGCFailedAllocation (Allocation Failure) done
Event: 104.468 Executing VM operation: ParallelGCFailedAllocation (Allocation Failure)
Event: 104.469 Executing VM operation: ParallelGCFailedAllocation (Allocation Failure) done
Event: 104.486 Executing VM operation: ParallelGCFailedAllocation (Allocation Failure)
Event: 104.488 Executing VM operation: ParallelGCFailedAllocation (Allocation Failure) done
Event: 104.518 Executing VM operation: ParallelGCFailedAllocation (Allocation Failure)
Event: 104.520 Executing VM operation: ParallelGCFailedAllocation (Allocation Failure) done
Event: 104.542 Executing VM operation: ParallelGCFailedAllocation (Allocation Failure)
Event: 104.546 Executing VM operation: ParallelGCFailedAllocation (Allocation Failure) done
Event: 104.559 Executing VM operation: ParallelGCFailedAllocation (Allocation Failure)
Event: 104.562 Executing VM operation: ParallelGCFailedAllocation (Allocation Failure) done
Event: 104.579 Executing VM operation: ParallelGCFailedAllocation (Allocation Failure)
Event: 104.581 Executing VM operation: ParallelGCFailedAllocation (Allocation Failure) done
Event: 104.596 Executing VM operation: ParallelGCFailedAllocation (Allocation Failure)
Event: 104.598 Executing VM operation: ParallelGCFailedAllocation (Allocation Failure) done

Memory protections (0 events):
No events

Nmethod flushes (20 events):
Event: 103.794 Thread 0x000002415eb72850 flushing  nmethod 0x000002414c217c10
Event: 103.794 Thread 0x000002415eb72850 flushing  nmethod 0x000002414c219c10
Event: 103.794 Thread 0x000002415eb72850 flushing  nmethod 0x000002414c21c890
Event: 103.794 Thread 0x000002415eb72850 flushing  nmethod 0x000002414c220d90
Event: 103.794 Thread 0x000002415eb72850 flushing  nmethod 0x000002414c223710
Event: 103.794 Thread 0x000002415eb72850 flushing  nmethod 0x000002414c234510
Event: 103.794 Thread 0x000002415eb72850 flushing  nmethod 0x000002414c237890
Event: 103.794 Thread 0x000002415eb72850 flushing  nmethod 0x000002414c247a10
Event: 103.794 Thread 0x000002415eb72850 flushing  nmethod 0x000002414c24bb90
Event: 103.794 Thread 0x000002415eb72850 flushing  nmethod 0x000002414c24bf90
Event: 103.794 Thread 0x000002415eb72850 flushing  nmethod 0x000002414c250a10
Event: 103.794 Thread 0x000002415eb72850 flushing  nmethod 0x000002414c256190
Event: 103.794 Thread 0x000002415eb72850 flushing  nmethod 0x000002414c256890
Event: 103.794 Thread 0x000002415eb72850 flushing  nmethod 0x000002414c256f10
Event: 103.794 Thread 0x000002415eb72850 flushing  nmethod 0x000002414c259610
Event: 103.794 Thread 0x000002415eb72850 flushing  nmethod 0x000002414c27f190
Event: 103.794 Thread 0x000002415eb72850 flushing  nmethod 0x000002414c286b90
Event: 103.794 Thread 0x000002415eb72850 flushing  nmethod 0x000002414c28b290
Event: 103.794 Thread 0x000002415eb72850 flushing  nmethod 0x000002414c28f410
Event: 103.794 Thread 0x000002415eb72850 flushing  nmethod 0x000002414c2abf90

Events (20 events):
Event: 62.064 Thread 0x000002414812f0d0 Thread added: 0x00000241669b5c50
Event: 62.065 Thread 0x000002414812f0d0 Thread added: 0x00000241669b48a0
Event: 62.065 Thread 0x000002414812f0d0 Thread added: 0x00000241669b4f30
Event: 62.065 Thread 0x000002414812f0d0 Thread added: 0x00000241669b3b80
Event: 62.065 Thread 0x000002414812f0d0 Thread added: 0x00000241669b55c0
Event: 62.122 Thread 0x000002414812f0d0 Thread added: 0x00000241669b62e0
Event: 62.794 Thread 0x000002414812f0d0 Thread added: 0x00000241669b6970
Event: 62.794 Thread 0x000002414812f0d0 Thread added: 0x00000241669b7690
Event: 65.567 Thread 0x00000241650d6540 Thread added: 0x00000241669b0d90
Event: 65.585 Thread 0x00000241669b0d90 Thread exited: 0x00000241669b0d90
Event: 66.029 Thread 0x00000241650d6540 Thread added: 0x00000241669b0d90
Event: 70.788 Thread 0x00000241650d7260 Thread added: 0x00000241669b27d0
Event: 71.051 Thread 0x00000241650d7260 Thread added: 0x0000024166cc7eb0
Event: 81.062 Thread 0x00000241669b0d90 Thread exited: 0x00000241669b0d90
Event: 94.268 Thread 0x000002415eb9b040 Thread added: 0x0000024166427960
Event: 94.407 Thread 0x0000024166427960 Thread exited: 0x0000024166427960
Event: 100.385 Thread 0x000002416049c350 Thread added: 0x0000024166bef460
Event: 101.016 Thread 0x0000024166bef460 Thread exited: 0x0000024166bef460
Event: 102.360 Thread 0x000002416049c350 Thread added: 0x00000241657d79f0
Event: 102.537 Thread 0x00000241657d79f0 Thread exited: 0x00000241657d79f0


Dynamic libraries:
0x00007ff7ef710000 - 0x00007ff7ef71e000 	c:\Users\hp\.vscode\extensions\redhat.java-1.43.1-win32-x64\jre\21.0.7-win32-x86_64\bin\java.exe
0x00007ffe30890000 - 0x00007ffe30aa7000 	C:\WINDOWS\SYSTEM32\ntdll.dll
0x00007ffe2ffe0000 - 0x00007ffe300a4000 	C:\WINDOWS\System32\KERNEL32.DLL
0x00007ffe2d980000 - 0x00007ffe2dd52000 	C:\WINDOWS\System32\KERNELBASE.dll
0x00007ffe2e1a0000 - 0x00007ffe2e2b1000 	C:\WINDOWS\System32\ucrtbase.dll
0x00007ffde5b10000 - 0x00007ffde5b28000 	c:\Users\hp\.vscode\extensions\redhat.java-1.43.1-win32-x64\jre\21.0.7-win32-x86_64\bin\jli.dll
0x00007ffe2e720000 - 0x00007ffe2e8d1000 	C:\WINDOWS\System32\USER32.dll
0x00007ffe2e340000 - 0x00007ffe2e366000 	C:\WINDOWS\System32\win32u.dll
0x00007ffe2fc00000 - 0x00007ffe2fc29000 	C:\WINDOWS\System32\GDI32.dll
0x00007ffe2e3f0000 - 0x00007ffe2e513000 	C:\WINDOWS\System32\gdi32full.dll
0x00007ffe2dd60000 - 0x00007ffe2ddfa000 	C:\WINDOWS\System32\msvcp_win.dll
0x00007ffde4370000 - 0x00007ffde438e000 	c:\Users\hp\.vscode\extensions\redhat.java-1.43.1-win32-x64\jre\21.0.7-win32-x86_64\bin\VCRUNTIME140.dll
0x00007ffe14ae0000 - 0x00007ffe14d7b000 	C:\WINDOWS\WinSxS\amd64_microsoft.windows.common-controls_6595b64144ccf1df_6.0.22621.5415_none_270d77d17387d7da\COMCTL32.dll
0x00007ffe30390000 - 0x00007ffe30437000 	C:\WINDOWS\System32\msvcrt.dll
0x00007ffe2e5e0000 - 0x00007ffe2e611000 	C:\WINDOWS\System32\IMM32.DLL
0x00007ffe04e50000 - 0x00007ffe04e5c000 	c:\Users\hp\.vscode\extensions\redhat.java-1.43.1-win32-x64\jre\21.0.7-win32-x86_64\bin\vcruntime140_1.dll
0x00007ffde42e0000 - 0x00007ffde436d000 	c:\Users\hp\.vscode\extensions\redhat.java-1.43.1-win32-x64\jre\21.0.7-win32-x86_64\bin\msvcp140.dll
0x00007ffde1e40000 - 0x00007ffde2bd0000 	c:\Users\hp\.vscode\extensions\redhat.java-1.43.1-win32-x64\jre\21.0.7-win32-x86_64\bin\server\jvm.dll
0x00007ffe302d0000 - 0x00007ffe30381000 	C:\WINDOWS\System32\ADVAPI32.dll
0x00007ffe2fea0000 - 0x00007ffe2ff48000 	C:\WINDOWS\System32\sechost.dll
0x00007ffe2de00000 - 0x00007ffe2de28000 	C:\WINDOWS\System32\bcrypt.dll
0x00007ffe30150000 - 0x00007ffe30264000 	C:\WINDOWS\System32\RPCRT4.dll
0x00007ffe2ff60000 - 0x00007ffe2ffd1000 	C:\WINDOWS\System32\WS2_32.dll
0x00007ffe2d850000 - 0x00007ffe2d89d000 	C:\WINDOWS\SYSTEM32\POWRPROF.dll
0x00007ffe29790000 - 0x00007ffe297c4000 	C:\WINDOWS\SYSTEM32\WINMM.dll
0x00007ffe26360000 - 0x00007ffe2636a000 	C:\WINDOWS\SYSTEM32\VERSION.dll
0x00007ffe2d830000 - 0x00007ffe2d843000 	C:\WINDOWS\SYSTEM32\UMPDC.dll
0x00007ffe2c950000 - 0x00007ffe2c968000 	C:\WINDOWS\SYSTEM32\kernel.appcore.dll
0x00007ffe01530000 - 0x00007ffe0153a000 	c:\Users\hp\.vscode\extensions\redhat.java-1.43.1-win32-x64\jre\21.0.7-win32-x86_64\bin\jimage.dll
0x00007ffe2b3b0000 - 0x00007ffe2b5e3000 	C:\WINDOWS\SYSTEM32\DBGHELP.DLL
0x00007ffe304b0000 - 0x00007ffe30843000 	C:\WINDOWS\System32\combase.dll
0x00007ffe2e620000 - 0x00007ffe2e6f7000 	C:\WINDOWS\System32\OLEAUT32.dll
0x00007ffe13d30000 - 0x00007ffe13d62000 	C:\WINDOWS\SYSTEM32\dbgcore.DLL
0x00007ffe2e370000 - 0x00007ffe2e3eb000 	C:\WINDOWS\System32\bcryptPrimitives.dll
0x00007ffdf00f0000 - 0x00007ffdf00ff000 	c:\Users\hp\.vscode\extensions\redhat.java-1.43.1-win32-x64\jre\21.0.7-win32-x86_64\bin\instrument.dll
0x00007ffde42c0000 - 0x00007ffde42df000 	c:\Users\hp\.vscode\extensions\redhat.java-1.43.1-win32-x64\jre\21.0.7-win32-x86_64\bin\java.dll
0x00007ffe2e8e0000 - 0x00007ffe2f182000 	C:\WINDOWS\System32\SHELL32.dll
0x00007ffe2e060000 - 0x00007ffe2e19f000 	C:\WINDOWS\System32\wintypes.dll
0x00007ffe2b8b0000 - 0x00007ffe2c1ce000 	C:\WINDOWS\SYSTEM32\windows.storage.dll
0x00007ffe2f690000 - 0x00007ffe2f79b000 	C:\WINDOWS\System32\SHCORE.dll
0x00007ffe30440000 - 0x00007ffe304a9000 	C:\WINDOWS\System32\shlwapi.dll
0x00007ffe2d8b0000 - 0x00007ffe2d8db000 	C:\WINDOWS\SYSTEM32\profapi.dll
0x00007ffde42a0000 - 0x00007ffde42b8000 	c:\Users\hp\.vscode\extensions\redhat.java-1.43.1-win32-x64\jre\21.0.7-win32-x86_64\bin\zip.dll
0x00007ffdf3ce0000 - 0x00007ffdf3cf0000 	C:\Users\hp\.vscode\extensions\redhat.java-1.43.1-win32-x64\jre\21.0.7-win32-x86_64\bin\net.dll
0x00007ffe295b0000 - 0x00007ffe296dc000 	C:\WINDOWS\SYSTEM32\WINHTTP.dll
0x00007ffe2ce30000 - 0x00007ffe2ce99000 	C:\WINDOWS\system32\mswsock.dll
0x00007ffde4280000 - 0x00007ffde4296000 	C:\Users\hp\.vscode\extensions\redhat.java-1.43.1-win32-x64\jre\21.0.7-win32-x86_64\bin\nio.dll
0x00007ffdf00e0000 - 0x00007ffdf00f0000 	c:\Users\hp\.vscode\extensions\redhat.java-1.43.1-win32-x64\jre\21.0.7-win32-x86_64\bin\verify.dll
0x00007ffde43e0000 - 0x00007ffde4425000 	C:\Users\hp\AppData\Roaming\Code\User\globalStorage\redhat.java\1.43.1\config_win\org.eclipse.equinox.launcher\org.eclipse.equinox.launcher.win32.win32.x86_64_1.2.1300.v20250331-1702\eclipse_11911.dll
0x00007ffe2fa60000 - 0x00007ffe2fc00000 	C:\WINDOWS\System32\ole32.dll
0x00007ffe2d090000 - 0x00007ffe2d0ab000 	C:\WINDOWS\SYSTEM32\CRYPTSP.dll
0x00007ffe2c910000 - 0x00007ffe2c947000 	C:\WINDOWS\system32\rsaenh.dll
0x00007ffe2cf20000 - 0x00007ffe2cf48000 	C:\WINDOWS\SYSTEM32\USERENV.dll
0x00007ffe2d080000 - 0x00007ffe2d08c000 	C:\WINDOWS\SYSTEM32\CRYPTBASE.dll
0x00007ffe2c430000 - 0x00007ffe2c45d000 	C:\WINDOWS\SYSTEM32\IPHLPAPI.DLL
0x00007ffe2f610000 - 0x00007ffe2f619000 	C:\WINDOWS\System32\NSI.dll
0x00007ffde4000000 - 0x00007ffde4049000 	C:\Users\hp\AppData\Local\Temp\jna-3336\jna2353375566026060518.dll
0x00007ffe2e5d0000 - 0x00007ffe2e5d8000 	C:\WINDOWS\System32\PSAPI.DLL
0x00007ffe29c50000 - 0x00007ffe29c69000 	C:\WINDOWS\SYSTEM32\dhcpcsvc6.DLL
0x00007ffe293e0000 - 0x00007ffe293ff000 	C:\WINDOWS\SYSTEM32\dhcpcsvc.DLL
0x00007ffdee1c0000 - 0x00007ffdee1ce000 	C:\Users\hp\.vscode\extensions\redhat.java-1.43.1-win32-x64\jre\21.0.7-win32-x86_64\bin\sunmscapi.dll
0x00007ffe2def0000 - 0x00007ffe2e057000 	C:\WINDOWS\System32\CRYPT32.dll
0x00007ffe2d240000 - 0x00007ffe2d26d000 	C:\WINDOWS\SYSTEM32\ncrypt.dll
0x00007ffe2d200000 - 0x00007ffe2d237000 	C:\WINDOWS\SYSTEM32\NTASN1.dll
0x00007ffe2c4a0000 - 0x00007ffe2c598000 	C:\WINDOWS\SYSTEM32\DNSAPI.dll
0x00007ffe16680000 - 0x00007ffe1668a000 	C:\Windows\System32\rasadhlp.dll
0x00007ffe28bc0000 - 0x00007ffe28c44000 	C:\WINDOWS\System32\fwpuclnt.dll
0x00007ffdec220000 - 0x00007ffdec229000 	C:\Users\hp\.vscode\extensions\redhat.java-1.43.1-win32-x64\jre\21.0.7-win32-x86_64\bin\extnet.dll
0x00007ffde1ca0000 - 0x00007ffde1cc7000 	C:\Users\hp\.gradle\native\c067742578af261105cb4f569cf0c3c89f3d7b1fecec35dd04571415982c5e48\windows-amd64\native-platform.dll

dbghelp: loaded successfully - version: 4.0.5 - missing functions: none
symbol engine: initialized successfully - sym options: 0x614 - pdb path: .;c:\Users\hp\.vscode\extensions\redhat.java-1.43.1-win32-x64\jre\21.0.7-win32-x86_64\bin;C:\WINDOWS\SYSTEM32;C:\WINDOWS\WinSxS\amd64_microsoft.windows.common-controls_6595b64144ccf1df_6.0.22621.5415_none_270d77d17387d7da;c:\Users\hp\.vscode\extensions\redhat.java-1.43.1-win32-x64\jre\21.0.7-win32-x86_64\bin\server;C:\Users\hp\AppData\Roaming\Code\User\globalStorage\redhat.java\1.43.1\config_win\org.eclipse.equinox.launcher\org.eclipse.equinox.launcher.win32.win32.x86_64_1.2.1300.v20250331-1702;C:\Users\hp\AppData\Local\Temp\jna-3336;C:\Users\hp\.gradle\native\c067742578af261105cb4f569cf0c3c89f3d7b1fecec35dd04571415982c5e48\windows-amd64

VM Arguments:
jvm_args: --add-modules=ALL-SYSTEM --add-opens=java.base/java.util=ALL-UNNAMED --add-opens=java.base/java.lang=ALL-UNNAMED --add-opens=java.base/sun.nio.fs=ALL-UNNAMED -Declipse.application=org.eclipse.jdt.ls.core.id1 -Dosgi.bundles.defaultStartLevel=4 -Declipse.product=org.eclipse.jdt.ls.core.product -Djava.import.generatesMetadataFilesAtProjectRoot=false -DDetectVMInstallationsJob.disabled=true -Dfile.encoding=utf8 -XX:+UseParallelGC -XX:GCTimeRatio=4 -XX:AdaptiveSizePolicyWeight=90 -Dsun.zip.disableMemoryMapping=true -Xmx2G -Xms100m -Xlog:disable -javaagent:c:\Users\hp\.vscode\extensions\redhat.java-1.43.1-win32-x64\lombok\lombok-1.18.39-4050.jar -XX:+HeapDumpOnOutOfMemoryError -XX:HeapDumpPath=c:\Users\hp\AppData\Roaming\Code\User\workspaceStorage\fec63824a433b6cc7d2aa81abfbd1eaf\redhat.java -Daether.dependencyCollector.impl=bf 
java_command: c:\Users\hp\.vscode\extensions\redhat.java-1.43.1-win32-x64\server\plugins\org.eclipse.equinox.launcher_1.7.0.v20250519-0528.jar -configuration c:\Users\hp\AppData\Roaming\Code\User\globalStorage\redhat.java\1.43.1\config_win -data c:\Users\hp\AppData\Roaming\Code\User\workspaceStorage\fec63824a433b6cc7d2aa81abfbd1eaf\redhat.java\jdt_ws --pipe=\\.\pipe\lsp-85ac1f98eec416d015fae48ee9a1af3d-sock
java_class_path (initial): c:\Users\hp\.vscode\extensions\redhat.java-1.43.1-win32-x64\server\plugins\org.eclipse.equinox.launcher_1.7.0.v20250519-0528.jar
Launcher Type: SUN_STANDARD

[Global flags]
    uintx AdaptiveSizePolicyWeight                 = 90                                        {product} {command line}
     intx CICompilerCount                          = 4                                         {product} {ergonomic}
    uintx GCTimeRatio                              = 4                                         {product} {command line}
     bool HeapDumpOnOutOfMemoryError               = true                                   {manageable} {command line}
    ccstr HeapDumpPath                             = c:\Users\hp\AppData\Roaming\Code\User\workspaceStorage\fec63824a433b6cc7d2aa81abfbd1eaf\redhat.java         {manageable} {command line}
   size_t InitialHeapSize                          = 104857600                                 {product} {command line}
   size_t MaxHeapSize                              = 2147483648                                {product} {command line}
   size_t MaxNewSize                               = 715653120                                 {product} {ergonomic}
   size_t MinHeapDeltaBytes                        = 524288                                    {product} {ergonomic}
   size_t MinHeapSize                              = 104857600                                 {product} {command line}
   size_t NewSize                                  = 34603008                                  {product} {ergonomic}
    uintx NonNMethodCodeHeapSize                   = 5839372                                {pd product} {ergonomic}
    uintx NonProfiledCodeHeapSize                  = 122909434                              {pd product} {ergonomic}
   size_t OldSize                                  = 70254592                                  {product} {ergonomic}
    uintx ProfiledCodeHeapSize                     = 122909434                              {pd product} {ergonomic}
    uintx ReservedCodeCacheSize                    = 251658240                              {pd product} {ergonomic}
     bool SegmentedCodeCache                       = true                                      {product} {ergonomic}
   size_t SoftMaxHeapSize                          = 2147483648                             {manageable} {ergonomic}
     bool UseCompressedOops                        = true                           {product lp64_product} {ergonomic}
     bool UseLargePagesIndividualAllocation        = false                                  {pd product} {ergonomic}
     bool UseParallelGC                            = true                                      {product} {command line}

Logging:
Log output configuration:
 #0: stdout all=off uptime,level,tags foldmultilines=false
 #1: stderr all=off uptime,level,tags foldmultilines=false

Environment Variables:
PATH=C:\app\hp\virtual\product\12.2.0\dbhome_1\bin;C:\WINDOWS\system32;C:\WINDOWS;C:\WINDOWS\System32\Wbem;C:\WINDOWS\System32\WindowsPowerShell\v1.0\;C:\WINDOWS\System32\OpenSSH\;C:\Program Files\Git\cmd;C:\xampp\php;C:\composer;C:\tools\nvm;C:\Program Files\nodejs;C:\Program Files\Redis\;C:\flutter\bin;C:\adb\platform-tools;C:\xampp\mysql\bin;C:\Program Files (x86)\Microsoft SQL Server\160\Tools\Binn\;C:\Program Files\Microsoft SQL Server\160\Tools\Binn\;C:\Program Files\Microsoft SQL Server\Client SDK\ODBC\170\Tools\Binn\;C:\Program Files\Microsoft SQL Server\160\DTS\Binn\;C:\Program Files (x86)\Microsoft SQL Server\160\DTS\Binn\;C:\Program Files\dotnet\;%jJAVA%;C:\Users\hp\Downloads\openjdk-17.0.2_windows-x64_bin\jdk-17.0.2\bin;C:\Users\hp\AppData\Local\Programs\Python\Python312\Scripts\;C:\Users\hp\AppData\Local\Programs\Python\Python312\;C:\Users\hp\AppData\Local\Programs\Python\Launcher\;C:\Users\hp\AppData\Local\Microsoft\WindowsApps;C:\Users\hp\AppData\Local\Programs\Microsoft VS Code\bin;C:\Users\hp\AppData\Roaming\npm;C:\Users\hp\AppData\Roaming\Composer\vendor\bin;C:\Users\hp\composer;C:\tools\nvm;C:\Program Files\nodejs;C:\Users\hp\AppData\Local\GitHubDesktop\bin;C:\flutter\bin;;C:\Program Files\JetBrains\IntelliJ IDEA Community Edition 2024.3.5\bin;;C:\Users\hp\.dotnet\tools;C:\Users\hp\AppData\Local\Programs\Windsurf\bin
USERNAME=hp
OS=Windows_NT
PROCESSOR_IDENTIFIER=Intel64 Family 6 Model 126 Stepping 5, GenuineIntel
TMP=C:\Users\hp\AppData\Local\Temp
TEMP=C:\Users\hp\AppData\Local\Temp




Periodic native trim disabled

---------------  S Y S T E M  ---------------

OS:
 Windows 11 , 64 bit Build 22621 (10.0.22621.5415)
OS uptime: 0 days 0:06 hours

CPU: total 8 (initial active 8) (4 cores per cpu, 2 threads per core) family 6 model 126 stepping 5 microcode 0xbc, cx8, cmov, fxsr, ht, mmx, 3dnowpref, sse, sse2, sse3, ssse3, sse4.1, sse4.2, popcnt, lzcnt, tsc, tscinvbit, avx, avx2, aes, erms, clmul, bmi1, bmi2, adx, avx512f, avx512dq, avx512cd, avx512bw, avx512vl, sha, fma, vzeroupper, avx512_vpopcntdq, avx512_vpclmulqdq, avx512_vaes, avx512_vnni, clflush, clflushopt, avx512_vbmi2, avx512_vbmi, rdtscp, rdpid, fsrm, gfni, avx512_bitalg, f16c, pku, avx512_ifma
Processor Information for the first 8 processors :
  Max Mhz: 1201, Current Mhz: 1000, Mhz Limit: 996

Memory: 4k page, system-wide physical 7879M (396M free)
TotalPageFile size 14179M (AvailPageFile size 9M)
current process WorkingSet (physical memory assigned to process): 586M, peak: 586M
current process commit charge ("private bytes"): 536M, peak: 1615M

vm_info: OpenJDK 64-Bit Server VM (21.0.7+6-LTS) for windows-amd64 JRE (21.0.7+6-LTS), built on 2025-04-15T00:00:00Z by "admin" with MS VC++ 17.7 (VS2022)

END.
